
chdir(/home/lars/Code/dotfiles)
chdir(/etc/xdg/xdg-ubuntu/nvim)
chdir(/home/lars/Code/dotfiles)
could not source "/etc/xdg/xdg-ubuntu/nvim/sysinit.vim"
chdir(/home/lars/Code/dotfiles)
chdir(/etc/xdg/nvim)
chdir(/home/lars/Code/dotfiles)
could not source "/etc/xdg/nvim/sysinit.vim"
chdir(/home/lars/Code/dotfiles)
chdir(/usr/share/nvim)
chdir(/home/lars/Code/dotfiles)
could not source "$VIM/sysinit.vim"
chdir(/home/lars/Code/dotfiles)
chdir(/home/lars/.config/nvim)
chdir(/home/lars/Code/dotfiles)
sourcing "/home/lars/.config/nvim/init.vim"
Searching for "autoload/plug.vim" in "/home/lars/.config/nvim,/etc/xdg/xdg-ubuntu/nvim,/etc/xdg/nvim,/home/lars/.local/share/nvim/site,/usr/share/ubuntu/nvim/site,/usr/local/share/nvim/site,/usr/share/nvim/site,/var/lib/snapd/desktop/nvim/site,/usr/share/nvim/runtime,/var/lib/snapd/desktop/nvim/site/after,/usr/share/nvim/site/after,/usr/local/share/nvim/site/after,/usr/share/ubuntu/nvim/site/after,/home/lars/.local/share/nvim/site/after,/etc/xdg/nvim/after,/etc/xdg/xdg-ubuntu/nvim/after,/home/lars/.config/nvim/after"
Searching for "/home/lars/.config/nvim/autoload/plug.vim"
Searching for "/etc/xdg/xdg-ubuntu/nvim/autoload/plug.vim"
Searching for "/etc/xdg/nvim/autoload/plug.vim"
Searching for "/home/lars/.local/share/nvim/site/autoload/plug.vim"
chdir(/home/lars/Code/dotfiles)
chdir(/home/lars/.local/share/nvim/site/autoload)
chdir(/home/lars/Code/dotfiles)
line 2: sourcing "/home/lars/.local/share/nvim/site/autoload/plug.vim"
finished sourcing /home/lars/.local/share/nvim/site/autoload/plug.vim
continuing in /home/lars/.config/nvim/init.vim
Searching for "filetype.vim" in "/home/lars/.config/nvim,/home/lars/.local/share/nvim/plugged/fzf,/home/lars/.local/share/nvim/plugged/fzf.vim,/home/lars/.local/share/nvim/plugged/coc.nvim,/home/lars/.local/share/nvim/plugged/vim-javascript,/home/lars/.local/share/nvim/plugged/typescript-vim,/home/lars/.local/share/nvim/plugged/vim-jsx-typescript,/home/lars/.local/share/nvim/plugged/vim-vue,/home/lars/.local/share/nvim/plugged/vim-mustache-handlebars,/home/lars/.local/share/nvim/plugged/vim-blade,/home/lars/.local/share/nvim/plugged/vim-mdx-js,/home/lars/.local/share/nvim/plugged/vim-airline,/home/lars/.local/share/nvim/plugged/vim-airline-themes,/home/lars/.local/share/nvim/plugged/vim-bbye,/home/lars/.local/share/nvim/plugged/vifm.vim,/home/lars/.local/share/nvim/plugged/editorconfig-vim,/home/lars/.local/share/nvim/plugged/vim-gitgutter,/home/lars/.local/share/nvim/plugged/vim-commentary,/home/lars/.local/share/nvim/plugged/csv.vim,/home/lars/.local/share/nvim/plugged/vim-fugitive,/home/lars/.local/share/n
Searching for "/home/lars/.config/nvim/filetype.vim"
Searching for "/home/lars/.local/share/nvim/plugged/fzf/filetype.vim"
Searching for "/home/lars/.local/share/nvim/plugged/fzf.vim/filetype.vim"
Searching for "/home/lars/.local/share/nvim/plugged/coc.nvim/filetype.vim"
Searching for "/home/lars/.local/share/nvim/plugged/vim-javascript/filetype.vim"
Searching for "/home/lars/.local/share/nvim/plugged/typescript-vim/filetype.vim"
Searching for "/home/lars/.local/share/nvim/plugged/vim-jsx-typescript/filetype.vim"
Searching for "/home/lars/.local/share/nvim/plugged/vim-vue/filetype.vim"
Searching for "/home/lars/.local/share/nvim/plugged/vim-mustache-handlebars/filetype.vim"
Searching for "/home/lars/.local/share/nvim/plugged/vim-blade/filetype.vim"
Searching for "/home/lars/.local/share/nvim/plugged/vim-mdx-js/filetype.vim"
Searching for "/home/lars/.local/share/nvim/plugged/vim-airline/filetype.vim"
Searching for "/home/lars/.local/share/nvim/plugged/vim-airline-themes/filetype.vim"
Searching for "/home/lars/.local/share/nvim/plugged/vim-bbye/filetype.vim"
Searching for "/home/lars/.local/share/nvim/plugged/vifm.vim/filetype.vim"
Searching for "/home/lars/.local/share/nvim/plugged/editorconfig-vim/filetype.vim"
Searching for "/home/lars/.local/share/nvim/plugged/vim-gitgutter/filetype.vim"
Searching for "/home/lars/.local/share/nvim/plugged/vim-commentary/filetype.vim"
Searching for "/home/lars/.local/share/nvim/plugged/csv.vim/filetype.vim"
Searching for "/home/lars/.local/share/nvim/plugged/vim-fugitive/filetype.vim"
Searching for "/home/lars/.local/share/nvim/plugged/vim-gruvbox8/filetype.vim"
Searching for "/etc/xdg/xdg-ubuntu/nvim/filetype.vim"
Searching for "/etc/xdg/nvim/filetype.vim"
Searching for "/home/lars/.local/share/nvim/site/filetype.vim"
Searching for "/usr/share/ubuntu/nvim/site/filetype.vim"
Searching for "/usr/local/share/nvim/site/filetype.vim"
Searching for "/usr/share/nvim/site/filetype.vim"
Searching for "/var/lib/snapd/desktop/nvim/site/filetype.vim"
Searching for "/usr/share/nvim/runtime/filetype.vim"
chdir(/home/lars/Code/dotfiles)
chdir(/usr/share/nvim/runtime)
chdir(/home/lars/Code/dotfiles)
line 83: sourcing "/usr/share/nvim/runtime/filetype.vim"
Searching for "ftdetect/*.vim" in "/home/lars/.config/nvim,/home/lars/.local/share/nvim/plugged/fzf,/home/lars/.local/share/nvim/plugged/fzf.vim,/home/lars/.local/share/nvim/plugged/coc.nvim,/home/lars/.local/share/nvim/plugged/vim-javascript,/home/lars/.local/share/nvim/plugged/typescript-vim,/home/lars/.local/share/nvim/plugged/vim-jsx-typescript,/home/lars/.local/share/nvim/plugged/vim-vue,/home/lars/.local/share/nvim/plugged/vim-mustache-handlebars,/home/lars/.local/share/nvim/plugged/vim-blade,/home/lars/.local/share/nvim/plugged/vim-mdx-js,/home/lars/.local/share/nvim/plugged/vim-airline,/home/lars/.local/share/nvim/plugged/vim-airline-themes,/home/lars/.local/share/nvim/plugged/vim-bbye,/home/lars/.local/share/nvim/plugged/vifm.vim,/home/lars/.local/share/nvim/plugged/editorconfig-vim,/home/lars/.local/share/nvim/plugged/vim-gitgutter,/home/lars/.local/share/nvim/plugged/vim-commentary,/home/lars/.local/share/nvim/plugged/csv.vim,/home/lars/.local/share/nvim/plugged/vim-fugitive,/home/lars/.local/share
Searching for "/home/lars/.config/nvim/ftdetect/*.vim"
Searching for "/home/lars/.local/share/nvim/plugged/fzf/ftdetect/*.vim"
Searching for "/home/lars/.local/share/nvim/plugged/fzf.vim/ftdetect/*.vim"
Searching for "/home/lars/.local/share/nvim/plugged/coc.nvim/ftdetect/*.vim"
Searching for "/home/lars/.local/share/nvim/plugged/vim-javascript/ftdetect/*.vim"
Searching for "/home/lars/.local/share/nvim/plugged/typescript-vim/ftdetect/*.vim"
Searching for "/home/lars/.local/share/nvim/plugged/vim-jsx-typescript/ftdetect/*.vim"
Searching for "/home/lars/.local/share/nvim/plugged/vim-vue/ftdetect/*.vim"
Searching for "/home/lars/.local/share/nvim/plugged/vim-mustache-handlebars/ftdetect/*.vim"
Searching for "/home/lars/.local/share/nvim/plugged/vim-blade/ftdetect/*.vim"
Searching for "/home/lars/.local/share/nvim/plugged/vim-mdx-js/ftdetect/*.vim"
Searching for "/home/lars/.local/share/nvim/plugged/vim-airline/ftdetect/*.vim"
Searching for "/home/lars/.local/share/nvim/plugged/vim-airline-themes/ftdetect/*.vim"
Searching for "/home/lars/.local/share/nvim/plugged/vim-bbye/ftdetect/*.vim"
Searching for "/home/lars/.local/share/nvim/plugged/vifm.vim/ftdetect/*.vim"
Searching for "/home/lars/.local/share/nvim/plugged/editorconfig-vim/ftdetect/*.vim"
Searching for "/home/lars/.local/share/nvim/plugged/vim-gitgutter/ftdetect/*.vim"
Searching for "/home/lars/.local/share/nvim/plugged/vim-commentary/ftdetect/*.vim"
Searching for "/home/lars/.local/share/nvim/plugged/csv.vim/ftdetect/*.vim"
Searching for "/home/lars/.local/share/nvim/plugged/vim-fugitive/ftdetect/*.vim"
Searching for "/home/lars/.local/share/nvim/plugged/vim-gruvbox8/ftdetect/*.vim"
Searching for "/etc/xdg/xdg-ubuntu/nvim/ftdetect/*.vim"
Searching for "/etc/xdg/nvim/ftdetect/*.vim"
Searching for "/home/lars/.local/share/nvim/site/ftdetect/*.vim"
Searching for "/usr/share/ubuntu/nvim/site/ftdetect/*.vim"
Searching for "/usr/local/share/nvim/site/ftdetect/*.vim"
Searching for "/usr/share/nvim/site/ftdetect/*.vim"
Searching for "/var/lib/snapd/desktop/nvim/site/ftdetect/*.vim"
Searching for "/usr/share/nvim/runtime/ftdetect/*.vim"
Searching for "/var/lib/snapd/desktop/nvim/site/after/ftdetect/*.vim"
Searching for "/usr/share/nvim/site/after/ftdetect/*.vim"
Searching for "/usr/local/share/nvim/site/after/ftdetect/*.vim"
Searching for "/usr/share/ubuntu/nvim/site/after/ftdetect/*.vim"
Searching for "/home/lars/.local/share/nvim/site/after/ftdetect/*.vim"
Searching for "/etc/xdg/nvim/after/ftdetect/*.vim"
Searching for "/etc/xdg/xdg-ubuntu/nvim/after/ftdetect/*.vim"
Searching for "/home/lars/.config/nvim/after/ftdetect/*.vim"
not found in 'runtimepath': "ftdetect/*.vim"
finished sourcing /usr/share/nvim/runtime/filetype.vim
continuing in function plug#end
Searching for "/var/lib/snapd/desktop/nvim/site/after/filetype.vim"
Searching for "/usr/share/nvim/site/after/filetype.vim"
Searching for "/usr/local/share/nvim/site/after/filetype.vim"
Searching for "/usr/share/ubuntu/nvim/site/after/filetype.vim"
Searching for "/home/lars/.local/share/nvim/site/after/filetype.vim"
Searching for "/etc/xdg/nvim/after/filetype.vim"
Searching for "/etc/xdg/xdg-ubuntu/nvim/after/filetype.vim"
Searching for "/home/lars/.config/nvim/after/filetype.vim"
Searching for "ftplugin.vim" in "/home/lars/.config/nvim,/home/lars/.local/share/nvim/plugged/fzf,/home/lars/.local/share/nvim/plugged/fzf.vim,/home/lars/.local/share/nvim/plugged/coc.nvim,/home/lars/.local/share/nvim/plugged/vim-javascript,/home/lars/.local/share/nvim/plugged/typescript-vim,/home/lars/.local/share/nvim/plugged/vim-jsx-typescript,/home/lars/.local/share/nvim/plugged/vim-vue,/home/lars/.local/share/nvim/plugged/vim-mustache-handlebars,/home/lars/.local/share/nvim/plugged/vim-blade,/home/lars/.local/share/nvim/plugged/vim-mdx-js,/home/lars/.local/share/nvim/plugged/vim-airline,/home/lars/.local/share/nvim/plugged/vim-airline-themes,/home/lars/.local/share/nvim/plugged/vim-bbye,/home/lars/.local/share/nvim/plugged/vifm.vim,/home/lars/.local/share/nvim/plugged/editorconfig-vim,/home/lars/.local/share/nvim/plugged/vim-gitgutter,/home/lars/.local/share/nvim/plugged/vim-commentary,/home/lars/.local/share/nvim/plugged/csv.vim,/home/lars/.local/share/nvim/plugged/vim-fugitive,/home/lars/.local/share/n
Searching for "/home/lars/.config/nvim/ftplugin.vim"
Searching for "/home/lars/.local/share/nvim/plugged/fzf/ftplugin.vim"
Searching for "/home/lars/.local/share/nvim/plugged/fzf.vim/ftplugin.vim"
Searching for "/home/lars/.local/share/nvim/plugged/coc.nvim/ftplugin.vim"
Searching for "/home/lars/.local/share/nvim/plugged/vim-javascript/ftplugin.vim"
Searching for "/home/lars/.local/share/nvim/plugged/typescript-vim/ftplugin.vim"
Searching for "/home/lars/.local/share/nvim/plugged/vim-jsx-typescript/ftplugin.vim"
Searching for "/home/lars/.local/share/nvim/plugged/vim-vue/ftplugin.vim"
Searching for "/home/lars/.local/share/nvim/plugged/vim-mustache-handlebars/ftplugin.vim"
Searching for "/home/lars/.local/share/nvim/plugged/vim-blade/ftplugin.vim"
Searching for "/home/lars/.local/share/nvim/plugged/vim-mdx-js/ftplugin.vim"
Searching for "/home/lars/.local/share/nvim/plugged/vim-airline/ftplugin.vim"
Searching for "/home/lars/.local/share/nvim/plugged/vim-airline-themes/ftplugin.vim"
Searching for "/home/lars/.local/share/nvim/plugged/vim-bbye/ftplugin.vim"
Searching for "/home/lars/.local/share/nvim/plugged/vifm.vim/ftplugin.vim"
Searching for "/home/lars/.local/share/nvim/plugged/editorconfig-vim/ftplugin.vim"
Searching for "/home/lars/.local/share/nvim/plugged/vim-gitgutter/ftplugin.vim"
Searching for "/home/lars/.local/share/nvim/plugged/vim-commentary/ftplugin.vim"
Searching for "/home/lars/.local/share/nvim/plugged/csv.vim/ftplugin.vim"
Searching for "/home/lars/.local/share/nvim/plugged/vim-fugitive/ftplugin.vim"
Searching for "/home/lars/.local/share/nvim/plugged/vim-gruvbox8/ftplugin.vim"
Searching for "/etc/xdg/xdg-ubuntu/nvim/ftplugin.vim"
Searching for "/etc/xdg/nvim/ftplugin.vim"
Searching for "/home/lars/.local/share/nvim/site/ftplugin.vim"
Searching for "/usr/share/ubuntu/nvim/site/ftplugin.vim"
Searching for "/usr/local/share/nvim/site/ftplugin.vim"
Searching for "/usr/share/nvim/site/ftplugin.vim"
Searching for "/var/lib/snapd/desktop/nvim/site/ftplugin.vim"
Searching for "/usr/share/nvim/runtime/ftplugin.vim"
chdir(/home/lars/Code/dotfiles)
chdir(/usr/share/nvim/runtime)
chdir(/home/lars/Code/dotfiles)
line 83: sourcing "/usr/share/nvim/runtime/ftplugin.vim"
finished sourcing /usr/share/nvim/runtime/ftplugin.vim
continuing in function plug#end
Searching for "/var/lib/snapd/desktop/nvim/site/after/ftplugin.vim"
Searching for "/usr/share/nvim/site/after/ftplugin.vim"
Searching for "/usr/local/share/nvim/site/after/ftplugin.vim"
Searching for "/usr/share/ubuntu/nvim/site/after/ftplugin.vim"
Searching for "/home/lars/.local/share/nvim/site/after/ftplugin.vim"
Searching for "/etc/xdg/nvim/after/ftplugin.vim"
Searching for "/etc/xdg/xdg-ubuntu/nvim/after/ftplugin.vim"
Searching for "/home/lars/.config/nvim/after/ftplugin.vim"
Searching for "indent.vim" in "/home/lars/.config/nvim,/home/lars/.local/share/nvim/plugged/fzf,/home/lars/.local/share/nvim/plugged/fzf.vim,/home/lars/.local/share/nvim/plugged/coc.nvim,/home/lars/.local/share/nvim/plugged/vim-javascript,/home/lars/.local/share/nvim/plugged/typescript-vim,/home/lars/.local/share/nvim/plugged/vim-jsx-typescript,/home/lars/.local/share/nvim/plugged/vim-vue,/home/lars/.local/share/nvim/plugged/vim-mustache-handlebars,/home/lars/.local/share/nvim/plugged/vim-blade,/home/lars/.local/share/nvim/plugged/vim-mdx-js,/home/lars/.local/share/nvim/plugged/vim-airline,/home/lars/.local/share/nvim/plugged/vim-airline-themes,/home/lars/.local/share/nvim/plugged/vim-bbye,/home/lars/.local/share/nvim/plugged/vifm.vim,/home/lars/.local/share/nvim/plugged/editorconfig-vim,/home/lars/.local/share/nvim/plugged/vim-gitgutter,/home/lars/.local/share/nvim/plugged/vim-commentary,/home/lars/.local/share/nvim/plugged/csv.vim,/home/lars/.local/share/nvim/plugged/vim-fugitive,/home/lars/.local/share/nvi
Searching for "/home/lars/.config/nvim/indent.vim"
Searching for "/home/lars/.local/share/nvim/plugged/fzf/indent.vim"
Searching for "/home/lars/.local/share/nvim/plugged/fzf.vim/indent.vim"
Searching for "/home/lars/.local/share/nvim/plugged/coc.nvim/indent.vim"
Searching for "/home/lars/.local/share/nvim/plugged/vim-javascript/indent.vim"
Searching for "/home/lars/.local/share/nvim/plugged/typescript-vim/indent.vim"
Searching for "/home/lars/.local/share/nvim/plugged/vim-jsx-typescript/indent.vim"
Searching for "/home/lars/.local/share/nvim/plugged/vim-vue/indent.vim"
Searching for "/home/lars/.local/share/nvim/plugged/vim-mustache-handlebars/indent.vim"
Searching for "/home/lars/.local/share/nvim/plugged/vim-blade/indent.vim"
Searching for "/home/lars/.local/share/nvim/plugged/vim-mdx-js/indent.vim"
Searching for "/home/lars/.local/share/nvim/plugged/vim-airline/indent.vim"
Searching for "/home/lars/.local/share/nvim/plugged/vim-airline-themes/indent.vim"
Searching for "/home/lars/.local/share/nvim/plugged/vim-bbye/indent.vim"
Searching for "/home/lars/.local/share/nvim/plugged/vifm.vim/indent.vim"
Searching for "/home/lars/.local/share/nvim/plugged/editorconfig-vim/indent.vim"
Searching for "/home/lars/.local/share/nvim/plugged/vim-gitgutter/indent.vim"
Searching for "/home/lars/.local/share/nvim/plugged/vim-commentary/indent.vim"
Searching for "/home/lars/.local/share/nvim/plugged/csv.vim/indent.vim"
Searching for "/home/lars/.local/share/nvim/plugged/vim-fugitive/indent.vim"
Searching for "/home/lars/.local/share/nvim/plugged/vim-gruvbox8/indent.vim"
Searching for "/etc/xdg/xdg-ubuntu/nvim/indent.vim"
Searching for "/etc/xdg/nvim/indent.vim"
Searching for "/home/lars/.local/share/nvim/site/indent.vim"
Searching for "/usr/share/ubuntu/nvim/site/indent.vim"
Searching for "/usr/local/share/nvim/site/indent.vim"
Searching for "/usr/share/nvim/site/indent.vim"
Searching for "/var/lib/snapd/desktop/nvim/site/indent.vim"
Searching for "/usr/share/nvim/runtime/indent.vim"
chdir(/home/lars/Code/dotfiles)
chdir(/usr/share/nvim/runtime)
chdir(/home/lars/Code/dotfiles)
line 83: sourcing "/usr/share/nvim/runtime/indent.vim"
finished sourcing /usr/share/nvim/runtime/indent.vim
continuing in function plug#end
Searching for "/var/lib/snapd/desktop/nvim/site/after/indent.vim"
Searching for "/usr/share/nvim/site/after/indent.vim"
Searching for "/usr/local/share/nvim/site/after/indent.vim"
Searching for "/usr/share/ubuntu/nvim/site/after/indent.vim"
Searching for "/home/lars/.local/share/nvim/site/after/indent.vim"
Searching for "/etc/xdg/nvim/after/indent.vim"
Searching for "/etc/xdg/xdg-ubuntu/nvim/after/indent.vim"
Searching for "/home/lars/.config/nvim/after/indent.vim"
chdir(/home/lars/Code/dotfiles)
chdir(/usr/share/nvim/runtime/syntax)
chdir(/home/lars/Code/dotfiles)
line 86: sourcing "/usr/share/nvim/runtime/syntax/syntax.vim"
Searching for "syntax/synload.vim" in "/home/lars/.config/nvim,/home/lars/.local/share/nvim/plugged/fzf,/home/lars/.local/share/nvim/plugged/fzf.vim,/home/lars/.local/share/nvim/plugged/coc.nvim,/home/lars/.local/share/nvim/plugged/vim-javascript,/home/lars/.local/share/nvim/plugged/typescript-vim,/home/lars/.local/share/nvim/plugged/vim-jsx-typescript,/home/lars/.local/share/nvim/plugged/vim-vue,/home/lars/.local/share/nvim/plugged/vim-mustache-handlebars,/home/lars/.local/share/nvim/plugged/vim-blade,/home/lars/.local/share/nvim/plugged/vim-mdx-js,/home/lars/.local/share/nvim/plugged/vim-airline,/home/lars/.local/share/nvim/plugged/vim-airline-themes,/home/lars/.local/share/nvim/plugged/vim-bbye,/home/lars/.local/share/nvim/plugged/vifm.vim,/home/lars/.local/share/nvim/plugged/editorconfig-vim,/home/lars/.local/share/nvim/plugged/vim-gitgutter,/home/lars/.local/share/nvim/plugged/vim-commentary,/home/lars/.local/share/nvim/plugged/csv.vim,/home/lars/.local/share/nvim/plugged/vim-fugitive,/home/lars/.local/s
Searching for "/home/lars/.config/nvim/syntax/synload.vim"
Searching for "/home/lars/.local/share/nvim/plugged/fzf/syntax/synload.vim"
Searching for "/home/lars/.local/share/nvim/plugged/fzf.vim/syntax/synload.vim"
Searching for "/home/lars/.local/share/nvim/plugged/coc.nvim/syntax/synload.vim"
Searching for "/home/lars/.local/share/nvim/plugged/vim-javascript/syntax/synload.vim"
Searching for "/home/lars/.local/share/nvim/plugged/typescript-vim/syntax/synload.vim"
Searching for "/home/lars/.local/share/nvim/plugged/vim-jsx-typescript/syntax/synload.vim"
Searching for "/home/lars/.local/share/nvim/plugged/vim-vue/syntax/synload.vim"
Searching for "/home/lars/.local/share/nvim/plugged/vim-mustache-handlebars/syntax/synload.vim"
Searching for "/home/lars/.local/share/nvim/plugged/vim-blade/syntax/synload.vim"
Searching for "/home/lars/.local/share/nvim/plugged/vim-mdx-js/syntax/synload.vim"
Searching for "/home/lars/.local/share/nvim/plugged/vim-airline/syntax/synload.vim"
Searching for "/home/lars/.local/share/nvim/plugged/vim-airline-themes/syntax/synload.vim"
Searching for "/home/lars/.local/share/nvim/plugged/vim-bbye/syntax/synload.vim"
Searching for "/home/lars/.local/share/nvim/plugged/vifm.vim/syntax/synload.vim"
Searching for "/home/lars/.local/share/nvim/plugged/editorconfig-vim/syntax/synload.vim"
Searching for "/home/lars/.local/share/nvim/plugged/vim-gitgutter/syntax/synload.vim"
Searching for "/home/lars/.local/share/nvim/plugged/vim-commentary/syntax/synload.vim"
Searching for "/home/lars/.local/share/nvim/plugged/csv.vim/syntax/synload.vim"
Searching for "/home/lars/.local/share/nvim/plugged/vim-fugitive/syntax/synload.vim"
Searching for "/home/lars/.local/share/nvim/plugged/vim-gruvbox8/syntax/synload.vim"
Searching for "/etc/xdg/xdg-ubuntu/nvim/syntax/synload.vim"
Searching for "/etc/xdg/nvim/syntax/synload.vim"
Searching for "/home/lars/.local/share/nvim/site/syntax/synload.vim"
Searching for "/usr/share/ubuntu/nvim/site/syntax/synload.vim"
Searching for "/usr/local/share/nvim/site/syntax/synload.vim"
Searching for "/usr/share/nvim/site/syntax/synload.vim"
Searching for "/var/lib/snapd/desktop/nvim/site/syntax/synload.vim"
Searching for "/usr/share/nvim/runtime/syntax/synload.vim"
chdir(/home/lars/Code/dotfiles)
chdir(/usr/share/nvim/runtime/syntax)
chdir(/home/lars/Code/dotfiles)
line 19: sourcing "/usr/share/nvim/runtime/syntax/synload.vim"
Searching for "syntax/syncolor.vim" in "/home/lars/.config/nvim,/home/lars/.local/share/nvim/plugged/fzf,/home/lars/.local/share/nvim/plugged/fzf.vim,/home/lars/.local/share/nvim/plugged/coc.nvim,/home/lars/.local/share/nvim/plugged/vim-javascript,/home/lars/.local/share/nvim/plugged/typescript-vim,/home/lars/.local/share/nvim/plugged/vim-jsx-typescript,/home/lars/.local/share/nvim/plugged/vim-vue,/home/lars/.local/share/nvim/plugged/vim-mustache-handlebars,/home/lars/.local/share/nvim/plugged/vim-blade,/home/lars/.local/share/nvim/plugged/vim-mdx-js,/home/lars/.local/share/nvim/plugged/vim-airline,/home/lars/.local/share/nvim/plugged/vim-airline-themes,/home/lars/.local/share/nvim/plugged/vim-bbye,/home/lars/.local/share/nvim/plugged/vifm.vim,/home/lars/.local/share/nvim/plugged/editorconfig-vim,/home/lars/.local/share/nvim/plugged/vim-gitgutter,/home/lars/.local/share/nvim/plugged/vim-commentary,/home/lars/.local/share/nvim/plugged/csv.vim,/home/lars/.local/share/nvim/plugged/vim-fugitive,/home/lars/.local/
Searching for "/home/lars/.config/nvim/syntax/syncolor.vim"
Searching for "/home/lars/.local/share/nvim/plugged/fzf/syntax/syncolor.vim"
Searching for "/home/lars/.local/share/nvim/plugged/fzf.vim/syntax/syncolor.vim"
Searching for "/home/lars/.local/share/nvim/plugged/coc.nvim/syntax/syncolor.vim"
Searching for "/home/lars/.local/share/nvim/plugged/vim-javascript/syntax/syncolor.vim"
Searching for "/home/lars/.local/share/nvim/plugged/typescript-vim/syntax/syncolor.vim"
Searching for "/home/lars/.local/share/nvim/plugged/vim-jsx-typescript/syntax/syncolor.vim"
Searching for "/home/lars/.local/share/nvim/plugged/vim-vue/syntax/syncolor.vim"
Searching for "/home/lars/.local/share/nvim/plugged/vim-mustache-handlebars/syntax/syncolor.vim"
Searching for "/home/lars/.local/share/nvim/plugged/vim-blade/syntax/syncolor.vim"
Searching for "/home/lars/.local/share/nvim/plugged/vim-mdx-js/syntax/syncolor.vim"
Searching for "/home/lars/.local/share/nvim/plugged/vim-airline/syntax/syncolor.vim"
Searching for "/home/lars/.local/share/nvim/plugged/vim-airline-themes/syntax/syncolor.vim"
Searching for "/home/lars/.local/share/nvim/plugged/vim-bbye/syntax/syncolor.vim"
Searching for "/home/lars/.local/share/nvim/plugged/vifm.vim/syntax/syncolor.vim"
Searching for "/home/lars/.local/share/nvim/plugged/editorconfig-vim/syntax/syncolor.vim"
Searching for "/home/lars/.local/share/nvim/plugged/vim-gitgutter/syntax/syncolor.vim"
Searching for "/home/lars/.local/share/nvim/plugged/vim-commentary/syntax/syncolor.vim"
Searching for "/home/lars/.local/share/nvim/plugged/csv.vim/syntax/syncolor.vim"
Searching for "/home/lars/.local/share/nvim/plugged/vim-fugitive/syntax/syncolor.vim"
Searching for "/home/lars/.local/share/nvim/plugged/vim-gruvbox8/syntax/syncolor.vim"
Searching for "/etc/xdg/xdg-ubuntu/nvim/syntax/syncolor.vim"
Searching for "/etc/xdg/nvim/syntax/syncolor.vim"
Searching for "/home/lars/.local/share/nvim/site/syntax/syncolor.vim"
Searching for "/usr/share/ubuntu/nvim/site/syntax/syncolor.vim"
Searching for "/usr/local/share/nvim/site/syntax/syncolor.vim"
Searching for "/usr/share/nvim/site/syntax/syncolor.vim"
Searching for "/var/lib/snapd/desktop/nvim/site/syntax/syncolor.vim"
Searching for "/usr/share/nvim/runtime/syntax/syncolor.vim"
chdir(/home/lars/Code/dotfiles)
chdir(/usr/share/nvim/runtime/syntax)
chdir(/home/lars/Code/dotfiles)
line 21: sourcing "/usr/share/nvim/runtime/syntax/syncolor.vim"
finished sourcing /usr/share/nvim/runtime/syntax/syncolor.vim
continuing in /usr/share/nvim/runtime/syntax/synload.vim
Searching for "/var/lib/snapd/desktop/nvim/site/after/syntax/syncolor.vim"
Searching for "/usr/share/nvim/site/after/syntax/syncolor.vim"
Searching for "/usr/local/share/nvim/site/after/syntax/syncolor.vim"
Searching for "/usr/share/ubuntu/nvim/site/after/syntax/syncolor.vim"
Searching for "/home/lars/.local/share/nvim/site/after/syntax/syncolor.vim"
Searching for "/etc/xdg/nvim/after/syntax/syncolor.vim"
Searching for "/etc/xdg/xdg-ubuntu/nvim/after/syntax/syncolor.vim"
Searching for "/home/lars/.config/nvim/after/syntax/syncolor.vim"
finished sourcing /usr/share/nvim/runtime/syntax/synload.vim
continuing in /usr/share/nvim/runtime/syntax/syntax.vim
finished sourcing /usr/share/nvim/runtime/syntax/syntax.vim
continuing in function plug#end
Searching for "filetype.vim" in "/home/lars/.config/nvim,/home/lars/.local/share/nvim/plugged/fzf,/home/lars/.local/share/nvim/plugged/fzf.vim,/home/lars/.local/share/nvim/plugged/coc.nvim,/home/lars/.local/share/nvim/plugged/vim-javascript,/home/lars/.local/share/nvim/plugged/typescript-vim,/home/lars/.local/share/nvim/plugged/vim-jsx-typescript,/home/lars/.local/share/nvim/plugged/vim-vue,/home/lars/.local/share/nvim/plugged/vim-mustache-handlebars,/home/lars/.local/share/nvim/plugged/vim-blade,/home/lars/.local/share/nvim/plugged/vim-mdx-js,/home/lars/.local/share/nvim/plugged/vim-airline,/home/lars/.local/share/nvim/plugged/vim-airline-themes,/home/lars/.local/share/nvim/plugged/vim-bbye,/home/lars/.local/share/nvim/plugged/vifm.vim,/home/lars/.local/share/nvim/plugged/editorconfig-vim,/home/lars/.local/share/nvim/plugged/vim-gitgutter,/home/lars/.local/share/nvim/plugged/vim-commentary,/home/lars/.local/share/nvim/plugged/csv.vim,/home/lars/.local/share/nvim/plugged/vim-fugitive,/home/lars/.local/share/n
Searching for "/home/lars/.config/nvim/filetype.vim"
Searching for "/home/lars/.local/share/nvim/plugged/fzf/filetype.vim"
Searching for "/home/lars/.local/share/nvim/plugged/fzf.vim/filetype.vim"
Searching for "/home/lars/.local/share/nvim/plugged/coc.nvim/filetype.vim"
Searching for "/home/lars/.local/share/nvim/plugged/vim-javascript/filetype.vim"
Searching for "/home/lars/.local/share/nvim/plugged/typescript-vim/filetype.vim"
Searching for "/home/lars/.local/share/nvim/plugged/vim-jsx-typescript/filetype.vim"
Searching for "/home/lars/.local/share/nvim/plugged/vim-vue/filetype.vim"
Searching for "/home/lars/.local/share/nvim/plugged/vim-mustache-handlebars/filetype.vim"
Searching for "/home/lars/.local/share/nvim/plugged/vim-blade/filetype.vim"
Searching for "/home/lars/.local/share/nvim/plugged/vim-mdx-js/filetype.vim"
Searching for "/home/lars/.local/share/nvim/plugged/vim-airline/filetype.vim"
Searching for "/home/lars/.local/share/nvim/plugged/vim-airline-themes/filetype.vim"
Searching for "/home/lars/.local/share/nvim/plugged/vim-bbye/filetype.vim"
Searching for "/home/lars/.local/share/nvim/plugged/vifm.vim/filetype.vim"
Searching for "/home/lars/.local/share/nvim/plugged/editorconfig-vim/filetype.vim"
Searching for "/home/lars/.local/share/nvim/plugged/vim-gitgutter/filetype.vim"
Searching for "/home/lars/.local/share/nvim/plugged/vim-commentary/filetype.vim"
Searching for "/home/lars/.local/share/nvim/plugged/csv.vim/filetype.vim"
Searching for "/home/lars/.local/share/nvim/plugged/vim-fugitive/filetype.vim"
Searching for "/home/lars/.local/share/nvim/plugged/vim-gruvbox8/filetype.vim"
Searching for "/etc/xdg/xdg-ubuntu/nvim/filetype.vim"
Searching for "/etc/xdg/nvim/filetype.vim"
Searching for "/home/lars/.local/share/nvim/site/filetype.vim"
Searching for "/usr/share/ubuntu/nvim/site/filetype.vim"
Searching for "/usr/local/share/nvim/site/filetype.vim"
Searching for "/usr/share/nvim/site/filetype.vim"
Searching for "/var/lib/snapd/desktop/nvim/site/filetype.vim"
Searching for "/usr/share/nvim/runtime/filetype.vim"
chdir(/home/lars/Code/dotfiles)
chdir(/usr/share/nvim/runtime)
chdir(/home/lars/Code/dotfiles)
line 37: sourcing "/usr/share/nvim/runtime/filetype.vim"
finished sourcing /usr/share/nvim/runtime/filetype.vim
continuing in /home/lars/.config/nvim/init.vim
Searching for "/var/lib/snapd/desktop/nvim/site/after/filetype.vim"
Searching for "/usr/share/nvim/site/after/filetype.vim"
Searching for "/usr/local/share/nvim/site/after/filetype.vim"
Searching for "/usr/share/ubuntu/nvim/site/after/filetype.vim"
Searching for "/home/lars/.local/share/nvim/site/after/filetype.vim"
Searching for "/etc/xdg/nvim/after/filetype.vim"
Searching for "/etc/xdg/xdg-ubuntu/nvim/after/filetype.vim"
Searching for "/home/lars/.config/nvim/after/filetype.vim"
Searching for "ftplugin.vim" in "/home/lars/.config/nvim,/home/lars/.local/share/nvim/plugged/fzf,/home/lars/.local/share/nvim/plugged/fzf.vim,/home/lars/.local/share/nvim/plugged/coc.nvim,/home/lars/.local/share/nvim/plugged/vim-javascript,/home/lars/.local/share/nvim/plugged/typescript-vim,/home/lars/.local/share/nvim/plugged/vim-jsx-typescript,/home/lars/.local/share/nvim/plugged/vim-vue,/home/lars/.local/share/nvim/plugged/vim-mustache-handlebars,/home/lars/.local/share/nvim/plugged/vim-blade,/home/lars/.local/share/nvim/plugged/vim-mdx-js,/home/lars/.local/share/nvim/plugged/vim-airline,/home/lars/.local/share/nvim/plugged/vim-airline-themes,/home/lars/.local/share/nvim/plugged/vim-bbye,/home/lars/.local/share/nvim/plugged/vifm.vim,/home/lars/.local/share/nvim/plugged/editorconfig-vim,/home/lars/.local/share/nvim/plugged/vim-gitgutter,/home/lars/.local/share/nvim/plugged/vim-commentary,/home/lars/.local/share/nvim/plugged/csv.vim,/home/lars/.local/share/nvim/plugged/vim-fugitive,/home/lars/.local/share/n
Searching for "/home/lars/.config/nvim/ftplugin.vim"
Searching for "/home/lars/.local/share/nvim/plugged/fzf/ftplugin.vim"
Searching for "/home/lars/.local/share/nvim/plugged/fzf.vim/ftplugin.vim"
Searching for "/home/lars/.local/share/nvim/plugged/coc.nvim/ftplugin.vim"
Searching for "/home/lars/.local/share/nvim/plugged/vim-javascript/ftplugin.vim"
Searching for "/home/lars/.local/share/nvim/plugged/typescript-vim/ftplugin.vim"
Searching for "/home/lars/.local/share/nvim/plugged/vim-jsx-typescript/ftplugin.vim"
Searching for "/home/lars/.local/share/nvim/plugged/vim-vue/ftplugin.vim"
Searching for "/home/lars/.local/share/nvim/plugged/vim-mustache-handlebars/ftplugin.vim"
Searching for "/home/lars/.local/share/nvim/plugged/vim-blade/ftplugin.vim"
Searching for "/home/lars/.local/share/nvim/plugged/vim-mdx-js/ftplugin.vim"
Searching for "/home/lars/.local/share/nvim/plugged/vim-airline/ftplugin.vim"
Searching for "/home/lars/.local/share/nvim/plugged/vim-airline-themes/ftplugin.vim"
Searching for "/home/lars/.local/share/nvim/plugged/vim-bbye/ftplugin.vim"
Searching for "/home/lars/.local/share/nvim/plugged/vifm.vim/ftplugin.vim"
Searching for "/home/lars/.local/share/nvim/plugged/editorconfig-vim/ftplugin.vim"
Searching for "/home/lars/.local/share/nvim/plugged/vim-gitgutter/ftplugin.vim"
Searching for "/home/lars/.local/share/nvim/plugged/vim-commentary/ftplugin.vim"
Searching for "/home/lars/.local/share/nvim/plugged/csv.vim/ftplugin.vim"
Searching for "/home/lars/.local/share/nvim/plugged/vim-fugitive/ftplugin.vim"
Searching for "/home/lars/.local/share/nvim/plugged/vim-gruvbox8/ftplugin.vim"
Searching for "/etc/xdg/xdg-ubuntu/nvim/ftplugin.vim"
Searching for "/etc/xdg/nvim/ftplugin.vim"
Searching for "/home/lars/.local/share/nvim/site/ftplugin.vim"
Searching for "/usr/share/ubuntu/nvim/site/ftplugin.vim"
Searching for "/usr/local/share/nvim/site/ftplugin.vim"
Searching for "/usr/share/nvim/site/ftplugin.vim"
Searching for "/var/lib/snapd/desktop/nvim/site/ftplugin.vim"
Searching for "/usr/share/nvim/runtime/ftplugin.vim"
chdir(/home/lars/Code/dotfiles)
chdir(/usr/share/nvim/runtime)
chdir(/home/lars/Code/dotfiles)
line 37: sourcing "/usr/share/nvim/runtime/ftplugin.vim"
finished sourcing /usr/share/nvim/runtime/ftplugin.vim
continuing in /home/lars/.config/nvim/init.vim
Searching for "/var/lib/snapd/desktop/nvim/site/after/ftplugin.vim"
Searching for "/usr/share/nvim/site/after/ftplugin.vim"
Searching for "/usr/local/share/nvim/site/after/ftplugin.vim"
Searching for "/usr/share/ubuntu/nvim/site/after/ftplugin.vim"
Searching for "/home/lars/.local/share/nvim/site/after/ftplugin.vim"
Searching for "/etc/xdg/nvim/after/ftplugin.vim"
Searching for "/etc/xdg/xdg-ubuntu/nvim/after/ftplugin.vim"
Searching for "/home/lars/.config/nvim/after/ftplugin.vim"
Searching for "syntax/syncolor.vim" in "/home/lars/.config/nvim,/home/lars/.local/share/nvim/plugged/fzf,/home/lars/.local/share/nvim/plugged/fzf.vim,/home/lars/.local/share/nvim/plugged/coc.nvim,/home/lars/.local/share/nvim/plugged/vim-javascript,/home/lars/.local/share/nvim/plugged/typescript-vim,/home/lars/.local/share/nvim/plugged/vim-jsx-typescript,/home/lars/.local/share/nvim/plugged/vim-vue,/home/lars/.local/share/nvim/plugged/vim-mustache-handlebars,/home/lars/.local/share/nvim/plugged/vim-blade,/home/lars/.local/share/nvim/plugged/vim-mdx-js,/home/lars/.local/share/nvim/plugged/vim-airline,/home/lars/.local/share/nvim/plugged/vim-airline-themes,/home/lars/.local/share/nvim/plugged/vim-bbye,/home/lars/.local/share/nvim/plugged/vifm.vim,/home/lars/.local/share/nvim/plugged/editorconfig-vim,/home/lars/.local/share/nvim/plugged/vim-gitgutter,/home/lars/.local/share/nvim/plugged/vim-commentary,/home/lars/.local/share/nvim/plugged/csv.vim,/home/lars/.local/share/nvim/plugged/vim-fugitive,/home/lars/.local/
Searching for "/home/lars/.config/nvim/syntax/syncolor.vim"
Searching for "/home/lars/.local/share/nvim/plugged/fzf/syntax/syncolor.vim"
Searching for "/home/lars/.local/share/nvim/plugged/fzf.vim/syntax/syncolor.vim"
Searching for "/home/lars/.local/share/nvim/plugged/coc.nvim/syntax/syncolor.vim"
Searching for "/home/lars/.local/share/nvim/plugged/vim-javascript/syntax/syncolor.vim"
Searching for "/home/lars/.local/share/nvim/plugged/typescript-vim/syntax/syncolor.vim"
Searching for "/home/lars/.local/share/nvim/plugged/vim-jsx-typescript/syntax/syncolor.vim"
Searching for "/home/lars/.local/share/nvim/plugged/vim-vue/syntax/syncolor.vim"
Searching for "/home/lars/.local/share/nvim/plugged/vim-mustache-handlebars/syntax/syncolor.vim"
Searching for "/home/lars/.local/share/nvim/plugged/vim-blade/syntax/syncolor.vim"
Searching for "/home/lars/.local/share/nvim/plugged/vim-mdx-js/syntax/syncolor.vim"
Searching for "/home/lars/.local/share/nvim/plugged/vim-airline/syntax/syncolor.vim"
Searching for "/home/lars/.local/share/nvim/plugged/vim-airline-themes/syntax/syncolor.vim"
Searching for "/home/lars/.local/share/nvim/plugged/vim-bbye/syntax/syncolor.vim"
Searching for "/home/lars/.local/share/nvim/plugged/vifm.vim/syntax/syncolor.vim"
Searching for "/home/lars/.local/share/nvim/plugged/editorconfig-vim/syntax/syncolor.vim"
Searching for "/home/lars/.local/share/nvim/plugged/vim-gitgutter/syntax/syncolor.vim"
Searching for "/home/lars/.local/share/nvim/plugged/vim-commentary/syntax/syncolor.vim"
Searching for "/home/lars/.local/share/nvim/plugged/csv.vim/syntax/syncolor.vim"
Searching for "/home/lars/.local/share/nvim/plugged/vim-fugitive/syntax/syncolor.vim"
Searching for "/home/lars/.local/share/nvim/plugged/vim-gruvbox8/syntax/syncolor.vim"
Searching for "/etc/xdg/xdg-ubuntu/nvim/syntax/syncolor.vim"
Searching for "/etc/xdg/nvim/syntax/syncolor.vim"
Searching for "/home/lars/.local/share/nvim/site/syntax/syncolor.vim"
Searching for "/usr/share/ubuntu/nvim/site/syntax/syncolor.vim"
Searching for "/usr/local/share/nvim/site/syntax/syncolor.vim"
Searching for "/usr/share/nvim/site/syntax/syncolor.vim"
Searching for "/var/lib/snapd/desktop/nvim/site/syntax/syncolor.vim"
Searching for "/usr/share/nvim/runtime/syntax/syncolor.vim"
chdir(/home/lars/Code/dotfiles)
chdir(/usr/share/nvim/runtime/syntax)
chdir(/home/lars/Code/dotfiles)
line 58: sourcing "/usr/share/nvim/runtime/syntax/syncolor.vim"
finished sourcing /usr/share/nvim/runtime/syntax/syncolor.vim
continuing in /home/lars/.config/nvim/init.vim
Searching for "/var/lib/snapd/desktop/nvim/site/after/syntax/syncolor.vim"
Searching for "/usr/share/nvim/site/after/syntax/syncolor.vim"
Searching for "/usr/local/share/nvim/site/after/syntax/syncolor.vim"
Searching for "/usr/share/ubuntu/nvim/site/after/syntax/syncolor.vim"
Searching for "/home/lars/.local/share/nvim/site/after/syntax/syncolor.vim"
Searching for "/etc/xdg/nvim/after/syntax/syncolor.vim"
Searching for "/etc/xdg/xdg-ubuntu/nvim/after/syntax/syncolor.vim"
Searching for "/home/lars/.config/nvim/after/syntax/syncolor.vim"
Searching for "colors/gruvbox8_hard.vim" in "/home/lars/.config/nvim,/home/lars/.local/share/nvim/plugged/fzf,/home/lars/.local/share/nvim/plugged/fzf.vim,/home/lars/.local/share/nvim/plugged/coc.nvim,/home/lars/.local/share/nvim/plugged/vim-javascript,/home/lars/.local/share/nvim/plugged/typescript-vim,/home/lars/.local/share/nvim/plugged/vim-jsx-typescript,/home/lars/.local/share/nvim/plugged/vim-vue,/home/lars/.local/share/nvim/plugged/vim-mustache-handlebars,/home/lars/.local/share/nvim/plugged/vim-blade,/home/lars/.local/share/nvim/plugged/vim-mdx-js,/home/lars/.local/share/nvim/plugged/vim-airline,/home/lars/.local/share/nvim/plugged/vim-airline-themes,/home/lars/.local/share/nvim/plugged/vim-bbye,/home/lars/.local/share/nvim/plugged/vifm.vim,/home/lars/.local/share/nvim/plugged/editorconfig-vim,/home/lars/.local/share/nvim/plugged/vim-gitgutter,/home/lars/.local/share/nvim/plugged/vim-commentary,/home/lars/.local/share/nvim/plugged/csv.vim,/home/lars/.local/share/nvim/plugged/vim-fugitive,/home/lars/.l
Searching for "/home/lars/.config/nvim/colors/gruvbox8_hard.vim"
Searching for "/home/lars/.local/share/nvim/plugged/fzf/colors/gruvbox8_hard.vim"
Searching for "/home/lars/.local/share/nvim/plugged/fzf.vim/colors/gruvbox8_hard.vim"
Searching for "/home/lars/.local/share/nvim/plugged/coc.nvim/colors/gruvbox8_hard.vim"
Searching for "/home/lars/.local/share/nvim/plugged/vim-javascript/colors/gruvbox8_hard.vim"
Searching for "/home/lars/.local/share/nvim/plugged/typescript-vim/colors/gruvbox8_hard.vim"
Searching for "/home/lars/.local/share/nvim/plugged/vim-jsx-typescript/colors/gruvbox8_hard.vim"
Searching for "/home/lars/.local/share/nvim/plugged/vim-vue/colors/gruvbox8_hard.vim"
Searching for "/home/lars/.local/share/nvim/plugged/vim-mustache-handlebars/colors/gruvbox8_hard.vim"
Searching for "/home/lars/.local/share/nvim/plugged/vim-blade/colors/gruvbox8_hard.vim"
Searching for "/home/lars/.local/share/nvim/plugged/vim-mdx-js/colors/gruvbox8_hard.vim"
Searching for "/home/lars/.local/share/nvim/plugged/vim-airline/colors/gruvbox8_hard.vim"
Searching for "/home/lars/.local/share/nvim/plugged/vim-airline-themes/colors/gruvbox8_hard.vim"
Searching for "/home/lars/.local/share/nvim/plugged/vim-bbye/colors/gruvbox8_hard.vim"
Searching for "/home/lars/.local/share/nvim/plugged/vifm.vim/colors/gruvbox8_hard.vim"
Searching for "/home/lars/.local/share/nvim/plugged/editorconfig-vim/colors/gruvbox8_hard.vim"
Searching for "/home/lars/.local/share/nvim/plugged/vim-gitgutter/colors/gruvbox8_hard.vim"
Searching for "/home/lars/.local/share/nvim/plugged/vim-commentary/colors/gruvbox8_hard.vim"
Searching for "/home/lars/.local/share/nvim/plugged/csv.vim/colors/gruvbox8_hard.vim"
Searching for "/home/lars/.local/share/nvim/plugged/vim-fugitive/colors/gruvbox8_hard.vim"
Searching for "/home/lars/.local/share/nvim/plugged/vim-gruvbox8/colors/gruvbox8_hard.vim"
Searching for "/etc/xdg/xdg-ubuntu/nvim/colors/gruvbox8_hard.vim"
Searching for "/etc/xdg/nvim/colors/gruvbox8_hard.vim"
Searching for "/home/lars/.local/share/nvim/site/colors/gruvbox8_hard.vim"
Searching for "/usr/share/ubuntu/nvim/site/colors/gruvbox8_hard.vim"
Searching for "/usr/local/share/nvim/site/colors/gruvbox8_hard.vim"
Searching for "/usr/share/nvim/site/colors/gruvbox8_hard.vim"
Searching for "/var/lib/snapd/desktop/nvim/site/colors/gruvbox8_hard.vim"
Searching for "/usr/share/nvim/runtime/colors/gruvbox8_hard.vim"
Searching for "/var/lib/snapd/desktop/nvim/site/after/colors/gruvbox8_hard.vim"
Searching for "/usr/share/nvim/site/after/colors/gruvbox8_hard.vim"
Searching for "/usr/local/share/nvim/site/after/colors/gruvbox8_hard.vim"
Searching for "/usr/share/ubuntu/nvim/site/after/colors/gruvbox8_hard.vim"
Searching for "/home/lars/.local/share/nvim/site/after/colors/gruvbox8_hard.vim"
Searching for "/etc/xdg/nvim/after/colors/gruvbox8_hard.vim"
Searching for "/etc/xdg/xdg-ubuntu/nvim/after/colors/gruvbox8_hard.vim"
Searching for "/home/lars/.config/nvim/after/colors/gruvbox8_hard.vim"
not found in 'runtimepath': "colors/gruvbox8_hard.vim"
Searching for "pack/*/start/*/colors/gruvbox8_hard.vim" in "/home/lars/.config/nvim,/etc/xdg/xdg-ubuntu/nvim,/etc/xdg/nvim,/home/lars/.local/share/nvim/site,/usr/share/ubuntu/nvim/site,/usr/local/share/nvim/site,/usr/share/nvim/site,/var/lib/snapd/desktop/nvim/site,/usr/share/nvim/runtime,/var/lib/snapd/desktop/nvim/site/after,/usr/share/nvim/site/after,/usr/local/share/nvim/site/after,/usr/share/ubuntu/nvim/site/after,/home/lars/.local/share/nvim/site/after,/etc/xdg/nvim/after,/etc/xdg/xdg-ubuntu/nvim/after,/home/lars/.config/nvim/after"
Searching for "/home/lars/.config/nvim/pack/*/start/*/colors/gruvbox8_hard.vim"
Searching for "/etc/xdg/xdg-ubuntu/nvim/pack/*/start/*/colors/gruvbox8_hard.vim"
Searching for "/etc/xdg/nvim/pack/*/start/*/colors/gruvbox8_hard.vim"
Searching for "/home/lars/.local/share/nvim/site/pack/*/start/*/colors/gruvbox8_hard.vim"
Searching for "/usr/share/ubuntu/nvim/site/pack/*/start/*/colors/gruvbox8_hard.vim"
Searching for "/usr/local/share/nvim/site/pack/*/start/*/colors/gruvbox8_hard.vim"
Searching for "/usr/share/nvim/site/pack/*/start/*/colors/gruvbox8_hard.vim"
Searching for "/var/lib/snapd/desktop/nvim/site/pack/*/start/*/colors/gruvbox8_hard.vim"
Searching for "/usr/share/nvim/runtime/pack/*/start/*/colors/gruvbox8_hard.vim"
Searching for "/var/lib/snapd/desktop/nvim/site/after/pack/*/start/*/colors/gruvbox8_hard.vim"
Searching for "/usr/share/nvim/site/after/pack/*/start/*/colors/gruvbox8_hard.vim"
Searching for "/usr/local/share/nvim/site/after/pack/*/start/*/colors/gruvbox8_hard.vim"
Searching for "/usr/share/ubuntu/nvim/site/after/pack/*/start/*/colors/gruvbox8_hard.vim"
Searching for "/home/lars/.local/share/nvim/site/after/pack/*/start/*/colors/gruvbox8_hard.vim"
Searching for "/etc/xdg/nvim/after/pack/*/start/*/colors/gruvbox8_hard.vim"
Searching for "/etc/xdg/xdg-ubuntu/nvim/after/pack/*/start/*/colors/gruvbox8_hard.vim"
Searching for "/home/lars/.config/nvim/after/pack/*/start/*/colors/gruvbox8_hard.vim"
not found in 'packpath': "pack/*/start/*/colors/gruvbox8_hard.vim"
Searching for "pack/*/opt/*/colors/gruvbox8_hard.vim" in "/home/lars/.config/nvim,/etc/xdg/xdg-ubuntu/nvim,/etc/xdg/nvim,/home/lars/.local/share/nvim/site,/usr/share/ubuntu/nvim/site,/usr/local/share/nvim/site,/usr/share/nvim/site,/var/lib/snapd/desktop/nvim/site,/usr/share/nvim/runtime,/var/lib/snapd/desktop/nvim/site/after,/usr/share/nvim/site/after,/usr/local/share/nvim/site/after,/usr/share/ubuntu/nvim/site/after,/home/lars/.local/share/nvim/site/after,/etc/xdg/nvim/after,/etc/xdg/xdg-ubuntu/nvim/after,/home/lars/.config/nvim/after"
Searching for "/home/lars/.config/nvim/pack/*/opt/*/colors/gruvbox8_hard.vim"
Searching for "/etc/xdg/xdg-ubuntu/nvim/pack/*/opt/*/colors/gruvbox8_hard.vim"
Searching for "/etc/xdg/nvim/pack/*/opt/*/colors/gruvbox8_hard.vim"
Searching for "/home/lars/.local/share/nvim/site/pack/*/opt/*/colors/gruvbox8_hard.vim"
Searching for "/usr/share/ubuntu/nvim/site/pack/*/opt/*/colors/gruvbox8_hard.vim"
Searching for "/usr/local/share/nvim/site/pack/*/opt/*/colors/gruvbox8_hard.vim"
Searching for "/usr/share/nvim/site/pack/*/opt/*/colors/gruvbox8_hard.vim"
Searching for "/var/lib/snapd/desktop/nvim/site/pack/*/opt/*/colors/gruvbox8_hard.vim"
Searching for "/usr/share/nvim/runtime/pack/*/opt/*/colors/gruvbox8_hard.vim"
Searching for "/var/lib/snapd/desktop/nvim/site/after/pack/*/opt/*/colors/gruvbox8_hard.vim"
Searching for "/usr/share/nvim/site/after/pack/*/opt/*/colors/gruvbox8_hard.vim"
Searching for "/usr/local/share/nvim/site/after/pack/*/opt/*/colors/gruvbox8_hard.vim"
Searching for "/usr/share/ubuntu/nvim/site/after/pack/*/opt/*/colors/gruvbox8_hard.vim"
Searching for "/home/lars/.local/share/nvim/site/after/pack/*/opt/*/colors/gruvbox8_hard.vim"
Searching for "/etc/xdg/nvim/after/pack/*/opt/*/colors/gruvbox8_hard.vim"
Searching for "/etc/xdg/xdg-ubuntu/nvim/after/pack/*/opt/*/colors/gruvbox8_hard.vim"
Searching for "/home/lars/.config/nvim/after/pack/*/opt/*/colors/gruvbox8_hard.vim"
not found in 'packpath': "pack/*/opt/*/colors/gruvbox8_hard.vim"
                                                                Error detected while processing /home/lars/.config/nvim/init.vim:
line   59:
E185: Cannot find color scheme 'gruvbox8_hard'
chdir(/home/lars/Code/dotfiles)
chdir(/usr/share/nvim/runtime/syntax)
chdir(/home/lars/Code/dotfiles)
line 61: sourcing "/usr/share/nvim/runtime/syntax/syntax.vim"
chdir(/home/lars/Code/dotfiles)
chdir(/usr/share/nvim/runtime/syntax)
chdir(/home/lars/Code/dotfiles)
line 15: sourcing "/usr/share/nvim/runtime/syntax/nosyntax.vim"
finished sourcing /usr/share/nvim/runtime/syntax/nosyntax.vim
continuing in /usr/share/nvim/runtime/syntax/syntax.vim
Searching for "syntax/synload.vim" in "/home/lars/.config/nvim,/home/lars/.local/share/nvim/plugged/fzf,/home/lars/.local/share/nvim/plugged/fzf.vim,/home/lars/.local/share/nvim/plugged/coc.nvim,/home/lars/.local/share/nvim/plugged/vim-javascript,/home/lars/.local/share/nvim/plugged/typescript-vim,/home/lars/.local/share/nvim/plugged/vim-jsx-typescript,/home/lars/.local/share/nvim/plugged/vim-vue,/home/lars/.local/share/nvim/plugged/vim-mustache-handlebars,/home/lars/.local/share/nvim/plugged/vim-blade,/home/lars/.local/share/nvim/plugged/vim-mdx-js,/home/lars/.local/share/nvim/plugged/vim-airline,/home/lars/.local/share/nvim/plugged/vim-airline-themes,/home/lars/.local/share/nvim/plugged/vim-bbye,/home/lars/.local/share/nvim/plugged/vifm.vim,/home/lars/.local/share/nvim/plugged/editorconfig-vim,/home/lars/.local/share/nvim/plugged/vim-gitgutter,/home/lars/.local/share/nvim/plugged/vim-commentary,/home/lars/.local/share/nvim/plugged/csv.vim,/home/lars/.local/share/nvim/plugged/vim-fugitive,/home/lars/.local/s
Searching for "/home/lars/.config/nvim/syntax/synload.vim"
Searching for "/home/lars/.local/share/nvim/plugged/fzf/syntax/synload.vim"
Searching for "/home/lars/.local/share/nvim/plugged/fzf.vim/syntax/synload.vim"
Searching for "/home/lars/.local/share/nvim/plugged/coc.nvim/syntax/synload.vim"
Searching for "/home/lars/.local/share/nvim/plugged/vim-javascript/syntax/synload.vim"
Searching for "/home/lars/.local/share/nvim/plugged/typescript-vim/syntax/synload.vim"
Searching for "/home/lars/.local/share/nvim/plugged/vim-jsx-typescript/syntax/synload.vim"
Searching for "/home/lars/.local/share/nvim/plugged/vim-vue/syntax/synload.vim"
Searching for "/home/lars/.local/share/nvim/plugged/vim-mustache-handlebars/syntax/synload.vim"
Searching for "/home/lars/.local/share/nvim/plugged/vim-blade/syntax/synload.vim"
Searching for "/home/lars/.local/share/nvim/plugged/vim-mdx-js/syntax/synload.vim"
Searching for "/home/lars/.local/share/nvim/plugged/vim-airline/syntax/synload.vim"
Searching for "/home/lars/.local/share/nvim/plugged/vim-airline-themes/syntax/synload.vim"
Searching for "/home/lars/.local/share/nvim/plugged/vim-bbye/syntax/synload.vim"
Searching for "/home/lars/.local/share/nvim/plugged/vifm.vim/syntax/synload.vim"
Searching for "/home/lars/.local/share/nvim/plugged/editorconfig-vim/syntax/synload.vim"
Searching for "/home/lars/.local/share/nvim/plugged/vim-gitgutter/syntax/synload.vim"
Searching for "/home/lars/.local/share/nvim/plugged/vim-commentary/syntax/synload.vim"
Searching for "/home/lars/.local/share/nvim/plugged/csv.vim/syntax/synload.vim"
Searching for "/home/lars/.local/share/nvim/plugged/vim-fugitive/syntax/synload.vim"
Searching for "/home/lars/.local/share/nvim/plugged/vim-gruvbox8/syntax/synload.vim"
Searching for "/etc/xdg/xdg-ubuntu/nvim/syntax/synload.vim"
Searching for "/etc/xdg/nvim/syntax/synload.vim"
Searching for "/home/lars/.local/share/nvim/site/syntax/synload.vim"
Searching for "/usr/share/ubuntu/nvim/site/syntax/synload.vim"
Searching for "/usr/local/share/nvim/site/syntax/synload.vim"
Searching for "/usr/share/nvim/site/syntax/synload.vim"
Searching for "/var/lib/snapd/desktop/nvim/site/syntax/synload.vim"
Searching for "/usr/share/nvim/runtime/syntax/synload.vim"
chdir(/home/lars/Code/dotfiles)
chdir(/usr/share/nvim/runtime/syntax)
chdir(/home/lars/Code/dotfiles)
line 19: sourcing "/usr/share/nvim/runtime/syntax/synload.vim"
Searching for "syntax/syncolor.vim" in "/home/lars/.config/nvim,/home/lars/.local/share/nvim/plugged/fzf,/home/lars/.local/share/nvim/plugged/fzf.vim,/home/lars/.local/share/nvim/plugged/coc.nvim,/home/lars/.local/share/nvim/plugged/vim-javascript,/home/lars/.local/share/nvim/plugged/typescript-vim,/home/lars/.local/share/nvim/plugged/vim-jsx-typescript,/home/lars/.local/share/nvim/plugged/vim-vue,/home/lars/.local/share/nvim/plugged/vim-mustache-handlebars,/home/lars/.local/share/nvim/plugged/vim-blade,/home/lars/.local/share/nvim/plugged/vim-mdx-js,/home/lars/.local/share/nvim/plugged/vim-airline,/home/lars/.local/share/nvim/plugged/vim-airline-themes,/home/lars/.local/share/nvim/plugged/vim-bbye,/home/lars/.local/share/nvim/plugged/vifm.vim,/home/lars/.local/share/nvim/plugged/editorconfig-vim,/home/lars/.local/share/nvim/plugged/vim-gitgutter,/home/lars/.local/share/nvim/plugged/vim-commentary,/home/lars/.local/share/nvim/plugged/csv.vim,/home/lars/.local/share/nvim/plugged/vim-fugitive,/home/lars/.local/
Searching for "/home/lars/.config/nvim/syntax/syncolor.vim"
Searching for "/home/lars/.local/share/nvim/plugged/fzf/syntax/syncolor.vim"
Searching for "/home/lars/.local/share/nvim/plugged/fzf.vim/syntax/syncolor.vim"
Searching for "/home/lars/.local/share/nvim/plugged/coc.nvim/syntax/syncolor.vim"
Searching for "/home/lars/.local/share/nvim/plugged/vim-javascript/syntax/syncolor.vim"
Searching for "/home/lars/.local/share/nvim/plugged/typescript-vim/syntax/syncolor.vim"
Searching for "/home/lars/.local/share/nvim/plugged/vim-jsx-typescript/syntax/syncolor.vim"
Searching for "/home/lars/.local/share/nvim/plugged/vim-vue/syntax/syncolor.vim"
Searching for "/home/lars/.local/share/nvim/plugged/vim-mustache-handlebars/syntax/syncolor.vim"
Searching for "/home/lars/.local/share/nvim/plugged/vim-blade/syntax/syncolor.vim"
Searching for "/home/lars/.local/share/nvim/plugged/vim-mdx-js/syntax/syncolor.vim"
Searching for "/home/lars/.local/share/nvim/plugged/vim-airline/syntax/syncolor.vim"
Searching for "/home/lars/.local/share/nvim/plugged/vim-airline-themes/syntax/syncolor.vim"
Searching for "/home/lars/.local/share/nvim/plugged/vim-bbye/syntax/syncolor.vim"
Searching for "/home/lars/.local/share/nvim/plugged/vifm.vim/syntax/syncolor.vim"
Searching for "/home/lars/.local/share/nvim/plugged/editorconfig-vim/syntax/syncolor.vim"
Searching for "/home/lars/.local/share/nvim/plugged/vim-gitgutter/syntax/syncolor.vim"
Searching for "/home/lars/.local/share/nvim/plugged/vim-commentary/syntax/syncolor.vim"
Searching for "/home/lars/.local/share/nvim/plugged/csv.vim/syntax/syncolor.vim"
Searching for "/home/lars/.local/share/nvim/plugged/vim-fugitive/syntax/syncolor.vim"
Searching for "/home/lars/.local/share/nvim/plugged/vim-gruvbox8/syntax/syncolor.vim"
Searching for "/etc/xdg/xdg-ubuntu/nvim/syntax/syncolor.vim"
Searching for "/etc/xdg/nvim/syntax/syncolor.vim"
Searching for "/home/lars/.local/share/nvim/site/syntax/syncolor.vim"
Searching for "/usr/share/ubuntu/nvim/site/syntax/syncolor.vim"
Searching for "/usr/local/share/nvim/site/syntax/syncolor.vim"
Searching for "/usr/share/nvim/site/syntax/syncolor.vim"
Searching for "/var/lib/snapd/desktop/nvim/site/syntax/syncolor.vim"
Searching for "/usr/share/nvim/runtime/syntax/syncolor.vim"
chdir(/home/lars/Code/dotfiles)
chdir(/usr/share/nvim/runtime/syntax)
chdir(/home/lars/Code/dotfiles)
line 21: sourcing "/usr/share/nvim/runtime/syntax/syncolor.vim"
finished sourcing /usr/share/nvim/runtime/syntax/syncolor.vim
continuing in /usr/share/nvim/runtime/syntax/synload.vim
Searching for "/var/lib/snapd/desktop/nvim/site/after/syntax/syncolor.vim"
Searching for "/usr/share/nvim/site/after/syntax/syncolor.vim"
Searching for "/usr/local/share/nvim/site/after/syntax/syncolor.vim"
Searching for "/usr/share/ubuntu/nvim/site/after/syntax/syncolor.vim"
Searching for "/home/lars/.local/share/nvim/site/after/syntax/syncolor.vim"
Searching for "/etc/xdg/nvim/after/syntax/syncolor.vim"
Searching for "/etc/xdg/xdg-ubuntu/nvim/after/syntax/syncolor.vim"
Searching for "/home/lars/.config/nvim/after/syntax/syncolor.vim"
finished sourcing /usr/share/nvim/runtime/syntax/synload.vim
continuing in /usr/share/nvim/runtime/syntax/syntax.vim
finished sourcing /usr/share/nvim/runtime/syntax/syntax.vim
continuing in /home/lars/.config/nvim/init.vim
finished sourcing /home/lars/.config/nvim/init.vim
Searching for "pack/*/start/*" in "/home/lars/.config/nvim,/etc/xdg/xdg-ubuntu/nvim,/etc/xdg/nvim,/home/lars/.local/share/nvim/site,/usr/share/ubuntu/nvim/site,/usr/local/share/nvim/site,/usr/share/nvim/site,/var/lib/snapd/desktop/nvim/site,/usr/share/nvim/runtime,/var/lib/snapd/desktop/nvim/site/after,/usr/share/nvim/site/after,/usr/local/share/nvim/site/after,/usr/share/ubuntu/nvim/site/after,/home/lars/.local/share/nvim/site/after,/etc/xdg/nvim/after,/etc/xdg/xdg-ubuntu/nvim/after,/home/lars/.config/nvim/after"
Searching for "/home/lars/.config/nvim/pack/*/start/*"
Searching for "/etc/xdg/xdg-ubuntu/nvim/pack/*/start/*"
Searching for "/etc/xdg/nvim/pack/*/start/*"
Searching for "/home/lars/.local/share/nvim/site/pack/*/start/*"
Searching for "/usr/share/ubuntu/nvim/site/pack/*/start/*"
Searching for "/usr/local/share/nvim/site/pack/*/start/*"
Searching for "/usr/share/nvim/site/pack/*/start/*"
Searching for "/var/lib/snapd/desktop/nvim/site/pack/*/start/*"
Searching for "/usr/share/nvim/runtime/pack/*/start/*"
Searching for "/var/lib/snapd/desktop/nvim/site/after/pack/*/start/*"
Searching for "/usr/share/nvim/site/after/pack/*/start/*"
Searching for "/usr/local/share/nvim/site/after/pack/*/start/*"
Searching for "/usr/share/ubuntu/nvim/site/after/pack/*/start/*"
Searching for "/home/lars/.local/share/nvim/site/after/pack/*/start/*"
Searching for "/etc/xdg/nvim/after/pack/*/start/*"
Searching for "/etc/xdg/xdg-ubuntu/nvim/after/pack/*/start/*"
Searching for "/home/lars/.config/nvim/after/pack/*/start/*"
not found in 'packpath': "pack/*/start/*"
Searching for "plugin/**/*.vim" in "/home/lars/.config/nvim,/home/lars/.local/share/nvim/plugged/fzf,/home/lars/.local/share/nvim/plugged/fzf.vim,/home/lars/.local/share/nvim/plugged/coc.nvim,/home/lars/.local/share/nvim/plugged/vim-javascript,/home/lars/.local/share/nvim/plugged/typescript-vim,/home/lars/.local/share/nvim/plugged/vim-jsx-typescript,/home/lars/.local/share/nvim/plugged/vim-vue,/home/lars/.local/share/nvim/plugged/vim-mustache-handlebars,/home/lars/.local/share/nvim/plugged/vim-blade,/home/lars/.local/share/nvim/plugged/vim-mdx-js,/home/lars/.local/share/nvim/plugged/vim-airline,/home/lars/.local/share/nvim/plugged/vim-airline-themes,/home/lars/.local/share/nvim/plugged/vim-bbye,/home/lars/.local/share/nvim/plugged/vifm.vim,/home/lars/.local/share/nvim/plugged/editorconfig-vim,/home/lars/.local/share/nvim/plugged/vim-gitgutter,/home/lars/.local/share/nvim/plugged/vim-commentary,/home/lars/.local/share/nvim/plugged/csv.vim,/home/lars/.local/share/nvim/plugged/vim-fugitive,/home/lars/.local/shar
Searching for "/home/lars/.config/nvim/plugin/**/*.vim"
Searching for "/home/lars/.local/share/nvim/plugged/fzf/plugin/**/*.vim"
Searching for "/home/lars/.local/share/nvim/plugged/fzf.vim/plugin/**/*.vim"
Searching for "/home/lars/.local/share/nvim/plugged/coc.nvim/plugin/**/*.vim"
Searching for "/home/lars/.local/share/nvim/plugged/vim-javascript/plugin/**/*.vim"
Searching for "/home/lars/.local/share/nvim/plugged/typescript-vim/plugin/**/*.vim"
Searching for "/home/lars/.local/share/nvim/plugged/vim-jsx-typescript/plugin/**/*.vim"
Searching for "/home/lars/.local/share/nvim/plugged/vim-vue/plugin/**/*.vim"
Searching for "/home/lars/.local/share/nvim/plugged/vim-mustache-handlebars/plugin/**/*.vim"
Searching for "/home/lars/.local/share/nvim/plugged/vim-blade/plugin/**/*.vim"
Searching for "/home/lars/.local/share/nvim/plugged/vim-mdx-js/plugin/**/*.vim"
Searching for "/home/lars/.local/share/nvim/plugged/vim-airline/plugin/**/*.vim"
Searching for "/home/lars/.local/share/nvim/plugged/vim-airline-themes/plugin/**/*.vim"
Searching for "/home/lars/.local/share/nvim/plugged/vim-bbye/plugin/**/*.vim"
Searching for "/home/lars/.local/share/nvim/plugged/vifm.vim/plugin/**/*.vim"
Searching for "/home/lars/.local/share/nvim/plugged/editorconfig-vim/plugin/**/*.vim"
Searching for "/home/lars/.local/share/nvim/plugged/vim-gitgutter/plugin/**/*.vim"
Searching for "/home/lars/.local/share/nvim/plugged/vim-commentary/plugin/**/*.vim"
Searching for "/home/lars/.local/share/nvim/plugged/csv.vim/plugin/**/*.vim"
Searching for "/home/lars/.local/share/nvim/plugged/vim-fugitive/plugin/**/*.vim"
Searching for "/home/lars/.local/share/nvim/plugged/vim-gruvbox8/plugin/**/*.vim"
Searching for "/etc/xdg/xdg-ubuntu/nvim/plugin/**/*.vim"
Searching for "/etc/xdg/nvim/plugin/**/*.vim"
Searching for "/home/lars/.local/share/nvim/site/plugin/**/*.vim"
Searching for "/usr/share/ubuntu/nvim/site/plugin/**/*.vim"
Searching for "/usr/local/share/nvim/site/plugin/**/*.vim"
Searching for "/usr/share/nvim/site/plugin/**/*.vim"
Searching for "/var/lib/snapd/desktop/nvim/site/plugin/**/*.vim"
Searching for "/usr/share/nvim/runtime/plugin/**/*.vim"
chdir(/home/lars/Code/dotfiles)
chdir(/usr/share/nvim/runtime/plugin)
chdir(/home/lars/Code/dotfiles)
sourcing "/usr/share/nvim/runtime/plugin/gzip.vim"
finished sourcing /usr/share/nvim/runtime/plugin/gzip.vim
chdir(/home/lars/Code/dotfiles)
chdir(/usr/share/nvim/runtime/plugin)
chdir(/home/lars/Code/dotfiles)
sourcing "/usr/share/nvim/runtime/plugin/health.vim"
finished sourcing /usr/share/nvim/runtime/plugin/health.vim
chdir(/home/lars/Code/dotfiles)
chdir(/usr/share/nvim/runtime/plugin)
chdir(/home/lars/Code/dotfiles)
sourcing "/usr/share/nvim/runtime/plugin/man.vim"
finished sourcing /usr/share/nvim/runtime/plugin/man.vim
chdir(/home/lars/Code/dotfiles)
chdir(/usr/share/nvim/runtime/plugin)
chdir(/home/lars/Code/dotfiles)
sourcing "/usr/share/nvim/runtime/plugin/matchit.vim"
Searching for "pack/*/start/matchit" in "/home/lars/.config/nvim,/etc/xdg/xdg-ubuntu/nvim,/etc/xdg/nvim,/home/lars/.local/share/nvim/site,/usr/share/ubuntu/nvim/site,/usr/local/share/nvim/site,/usr/share/nvim/site,/var/lib/snapd/desktop/nvim/site,/usr/share/nvim/runtime,/var/lib/snapd/desktop/nvim/site/after,/usr/share/nvim/site/after,/usr/local/share/nvim/site/after,/usr/share/ubuntu/nvim/site/after,/home/lars/.local/share/nvim/site/after,/etc/xdg/nvim/after,/etc/xdg/xdg-ubuntu/nvim/after,/home/lars/.config/nvim/after"
Searching for "/home/lars/.config/nvim/pack/*/start/matchit"
Searching for "/etc/xdg/xdg-ubuntu/nvim/pack/*/start/matchit"
Searching for "/etc/xdg/nvim/pack/*/start/matchit"
Searching for "/home/lars/.local/share/nvim/site/pack/*/start/matchit"
Searching for "/usr/share/ubuntu/nvim/site/pack/*/start/matchit"
Searching for "/usr/local/share/nvim/site/pack/*/start/matchit"
Searching for "/usr/share/nvim/site/pack/*/start/matchit"
Searching for "/var/lib/snapd/desktop/nvim/site/pack/*/start/matchit"
Searching for "/usr/share/nvim/runtime/pack/*/start/matchit"
Searching for "/var/lib/snapd/desktop/nvim/site/after/pack/*/start/matchit"
Searching for "/usr/share/nvim/site/after/pack/*/start/matchit"
Searching for "/usr/local/share/nvim/site/after/pack/*/start/matchit"
Searching for "/usr/share/ubuntu/nvim/site/after/pack/*/start/matchit"
Searching for "/home/lars/.local/share/nvim/site/after/pack/*/start/matchit"
Searching for "/etc/xdg/nvim/after/pack/*/start/matchit"
Searching for "/etc/xdg/xdg-ubuntu/nvim/after/pack/*/start/matchit"
Searching for "/home/lars/.config/nvim/after/pack/*/start/matchit"
not found in 'packpath': "pack/*/start/matchit"
Searching for "pack/*/opt/matchit" in "/home/lars/.config/nvim,/etc/xdg/xdg-ubuntu/nvim,/etc/xdg/nvim,/home/lars/.local/share/nvim/site,/usr/share/ubuntu/nvim/site,/usr/local/share/nvim/site,/usr/share/nvim/site,/var/lib/snapd/desktop/nvim/site,/usr/share/nvim/runtime,/var/lib/snapd/desktop/nvim/site/after,/usr/share/nvim/site/after,/usr/local/share/nvim/site/after,/usr/share/ubuntu/nvim/site/after,/home/lars/.local/share/nvim/site/after,/etc/xdg/nvim/after,/etc/xdg/xdg-ubuntu/nvim/after,/home/lars/.config/nvim/after"
Searching for "/home/lars/.config/nvim/pack/*/opt/matchit"
Searching for "/etc/xdg/xdg-ubuntu/nvim/pack/*/opt/matchit"
Searching for "/etc/xdg/nvim/pack/*/opt/matchit"
Searching for "/home/lars/.local/share/nvim/site/pack/*/opt/matchit"
Searching for "/usr/share/ubuntu/nvim/site/pack/*/opt/matchit"
Searching for "/usr/local/share/nvim/site/pack/*/opt/matchit"
Searching for "/usr/share/nvim/site/pack/*/opt/matchit"
Searching for "/var/lib/snapd/desktop/nvim/site/pack/*/opt/matchit"
Searching for "/usr/share/nvim/runtime/pack/*/opt/matchit"
chdir(/home/lars/Code/dotfiles)
chdir(/usr/share/nvim/runtime)
chdir(/home/lars/Code/dotfiles)
chdir(/home/lars/Code/dotfiles)
chdir(/home/lars/.config/nvim)
chdir(/home/lars/Code/dotfiles)
chdir(/home/lars/Code/dotfiles)
chdir(/home/lars/.local/share/nvim/plugged/fzf)
chdir(/home/lars/Code/dotfiles)
chdir(/home/lars/Code/dotfiles)
chdir(/home/lars/.local/share/nvim/plugged/fzf.vim)
chdir(/home/lars/Code/dotfiles)
chdir(/home/lars/Code/dotfiles)
chdir(/home/lars/.local/share/nvim/plugged/coc.nvim)
chdir(/home/lars/Code/dotfiles)
chdir(/home/lars/Code/dotfiles)
chdir(/home/lars/.local/share/nvim/plugged/vim-javascript)
chdir(/home/lars/Code/dotfiles)
chdir(/home/lars/Code/dotfiles)
chdir(/home/lars/.local/share/nvim/plugged/typescript-vim)
chdir(/home/lars/Code/dotfiles)
chdir(/home/lars/Code/dotfiles)
chdir(/home/lars/.local/share/nvim/plugged/vim-jsx-typescript)
chdir(/home/lars/Code/dotfiles)
chdir(/home/lars/Code/dotfiles)
chdir(/home/lars/.local/share/nvim/plugged/vim-vue)
chdir(/home/lars/Code/dotfiles)
chdir(/home/lars/Code/dotfiles)
chdir(/home/lars/.local/share/nvim/plugged/vim-mustache-handlebars)
chdir(/home/lars/Code/dotfiles)
chdir(/home/lars/Code/dotfiles)
chdir(/home/lars/.local/share/nvim/plugged/vim-blade)
chdir(/home/lars/Code/dotfiles)
chdir(/home/lars/Code/dotfiles)
chdir(/home/lars/.local/share/nvim/plugged/vim-mdx-js)
chdir(/home/lars/Code/dotfiles)
chdir(/home/lars/Code/dotfiles)
chdir(/home/lars/.local/share/nvim/plugged/vim-airline)
chdir(/home/lars/Code/dotfiles)
chdir(/home/lars/Code/dotfiles)
chdir(/home/lars/.local/share/nvim/plugged/vim-airline-themes)
chdir(/home/lars/Code/dotfiles)
chdir(/home/lars/Code/dotfiles)
chdir(/home/lars/.local/share/nvim/plugged/vim-bbye)
chdir(/home/lars/Code/dotfiles)
chdir(/home/lars/Code/dotfiles)
chdir(/home/lars/.local/share/nvim/plugged/vifm.vim)
chdir(/home/lars/Code/dotfiles)
chdir(/home/lars/Code/dotfiles)
chdir(/home/lars/.local/share/nvim/plugged/editorconfig-vim)
chdir(/home/lars/Code/dotfiles)
chdir(/home/lars/Code/dotfiles)
chdir(/home/lars/.local/share/nvim/plugged/vim-gitgutter)
chdir(/home/lars/Code/dotfiles)
chdir(/home/lars/Code/dotfiles)
chdir(/home/lars/.local/share/nvim/plugged/vim-commentary)
chdir(/home/lars/Code/dotfiles)
chdir(/home/lars/Code/dotfiles)
chdir(/home/lars/.local/share/nvim/plugged/csv.vim)
chdir(/home/lars/Code/dotfiles)
chdir(/home/lars/Code/dotfiles)
chdir(/home/lars/.local/share/nvim/plugged/vim-fugitive)
chdir(/home/lars/Code/dotfiles)
chdir(/home/lars/Code/dotfiles)
chdir(/home/lars/.local/share/nvim/plugged/vim-gruvbox8)
chdir(/home/lars/Code/dotfiles)
chdir(/home/lars/Code/dotfiles)
chdir(/etc/xdg/xdg-ubuntu/nvim)
chdir(/home/lars/Code/dotfiles)
chdir(/home/lars/Code/dotfiles)
chdir(/etc/xdg/nvim)
chdir(/home/lars/Code/dotfiles)
chdir(/home/lars/Code/dotfiles)
chdir(/home/lars/.local/share/nvim/site)
chdir(/home/lars/Code/dotfiles)
chdir(/home/lars/Code/dotfiles)
chdir(/usr/share/ubuntu/nvim/site)
chdir(/home/lars/Code/dotfiles)
chdir(/home/lars/Code/dotfiles)
chdir(/usr/local/share/nvim/site)
chdir(/home/lars/Code/dotfiles)
chdir(/home/lars/Code/dotfiles)
chdir(/usr/share/nvim/site)
chdir(/home/lars/Code/dotfiles)
chdir(/home/lars/Code/dotfiles)
chdir(/var/lib/snapd/desktop/nvim/site)
chdir(/home/lars/Code/dotfiles)
chdir(/home/lars/Code/dotfiles)
chdir(/usr/share/nvim/runtime)
chdir(/home/lars/Code/dotfiles)
chdir(/home/lars/Code/dotfiles)
chdir(/usr/share/nvim/runtime/pack/dist/opt)
chdir(/home/lars/Code/dotfiles)
chdir(/home/lars/Code/dotfiles)
chdir(/usr/share/nvim/runtime/pack/dist/opt/matchit/plugin)
chdir(/home/lars/Code/dotfiles)
line 3: sourcing "/usr/share/nvim/runtime/pack/dist/opt/matchit/plugin/matchit.vim"
finished sourcing /usr/share/nvim/runtime/pack/dist/opt/matchit/plugin/matchit.vim
continuing in /usr/share/nvim/runtime/plugin/matchit.vim
Searching for "/var/lib/snapd/desktop/nvim/site/after/pack/*/opt/matchit"
Searching for "/usr/share/nvim/site/after/pack/*/opt/matchit"
Searching for "/usr/local/share/nvim/site/after/pack/*/opt/matchit"
Searching for "/usr/share/ubuntu/nvim/site/after/pack/*/opt/matchit"
Searching for "/home/lars/.local/share/nvim/site/after/pack/*/opt/matchit"
Searching for "/etc/xdg/nvim/after/pack/*/opt/matchit"
Searching for "/etc/xdg/xdg-ubuntu/nvim/after/pack/*/opt/matchit"
Searching for "/home/lars/.config/nvim/after/pack/*/opt/matchit"
finished sourcing /usr/share/nvim/runtime/plugin/matchit.vim
chdir(/home/lars/Code/dotfiles)
chdir(/usr/share/nvim/runtime/plugin)
chdir(/home/lars/Code/dotfiles)
sourcing "/usr/share/nvim/runtime/plugin/matchparen.vim"
finished sourcing /usr/share/nvim/runtime/plugin/matchparen.vim
chdir(/home/lars/Code/dotfiles)
chdir(/usr/share/nvim/runtime/plugin)
chdir(/home/lars/Code/dotfiles)
sourcing "/usr/share/nvim/runtime/plugin/netrwPlugin.vim"
finished sourcing /usr/share/nvim/runtime/plugin/netrwPlugin.vim
chdir(/home/lars/Code/dotfiles)
chdir(/usr/share/nvim/runtime/plugin)
chdir(/home/lars/Code/dotfiles)
sourcing "/usr/share/nvim/runtime/plugin/rplugin.vim"
finished sourcing /usr/share/nvim/runtime/plugin/rplugin.vim
chdir(/home/lars/Code/dotfiles)
chdir(/usr/share/nvim/runtime/plugin)
chdir(/home/lars/Code/dotfiles)
sourcing "/usr/share/nvim/runtime/plugin/shada.vim"
finished sourcing /usr/share/nvim/runtime/plugin/shada.vim
chdir(/home/lars/Code/dotfiles)
chdir(/usr/share/nvim/runtime/plugin)
chdir(/home/lars/Code/dotfiles)
sourcing "/usr/share/nvim/runtime/plugin/spellfile.vim"
finished sourcing /usr/share/nvim/runtime/plugin/spellfile.vim
chdir(/home/lars/Code/dotfiles)
chdir(/usr/share/nvim/runtime/plugin)
chdir(/home/lars/Code/dotfiles)
sourcing "/usr/share/nvim/runtime/plugin/tarPlugin.vim"
finished sourcing /usr/share/nvim/runtime/plugin/tarPlugin.vim
chdir(/home/lars/Code/dotfiles)
chdir(/usr/share/nvim/runtime/plugin)
chdir(/home/lars/Code/dotfiles)
sourcing "/usr/share/nvim/runtime/plugin/tohtml.vim"
finished sourcing /usr/share/nvim/runtime/plugin/tohtml.vim
chdir(/home/lars/Code/dotfiles)
chdir(/usr/share/nvim/runtime/plugin)
chdir(/home/lars/Code/dotfiles)
sourcing "/usr/share/nvim/runtime/plugin/tutor.vim"
finished sourcing /usr/share/nvim/runtime/plugin/tutor.vim
chdir(/home/lars/Code/dotfiles)
chdir(/usr/share/nvim/runtime/plugin)
chdir(/home/lars/Code/dotfiles)
sourcing "/usr/share/nvim/runtime/plugin/zipPlugin.vim"
finished sourcing /usr/share/nvim/runtime/plugin/zipPlugin.vim
Searching for "pack/*/start/*" in "/home/lars/.config/nvim,/etc/xdg/xdg-ubuntu/nvim,/etc/xdg/nvim,/home/lars/.local/share/nvim/site,/usr/share/ubuntu/nvim/site,/usr/local/share/nvim/site,/usr/share/nvim/site,/var/lib/snapd/desktop/nvim/site,/usr/share/nvim/runtime,/var/lib/snapd/desktop/nvim/site/after,/usr/share/nvim/site/after,/usr/local/share/nvim/site/after,/usr/share/ubuntu/nvim/site/after,/home/lars/.local/share/nvim/site/after,/etc/xdg/nvim/after,/etc/xdg/xdg-ubuntu/nvim/after,/home/lars/.config/nvim/after"
Searching for "/home/lars/.config/nvim/pack/*/start/*"
Searching for "/etc/xdg/xdg-ubuntu/nvim/pack/*/start/*"
Searching for "/etc/xdg/nvim/pack/*/start/*"
Searching for "/home/lars/.local/share/nvim/site/pack/*/start/*"
Searching for "/usr/share/ubuntu/nvim/site/pack/*/start/*"
Searching for "/usr/local/share/nvim/site/pack/*/start/*"
Searching for "/usr/share/nvim/site/pack/*/start/*"
Searching for "/var/lib/snapd/desktop/nvim/site/pack/*/start/*"
Searching for "/usr/share/nvim/runtime/pack/*/start/*"
Searching for "/var/lib/snapd/desktop/nvim/site/after/pack/*/start/*"
Searching for "/usr/share/nvim/site/after/pack/*/start/*"
Searching for "/usr/local/share/nvim/site/after/pack/*/start/*"
Searching for "/usr/share/ubuntu/nvim/site/after/pack/*/start/*"
Searching for "/home/lars/.local/share/nvim/site/after/pack/*/start/*"
Searching for "/etc/xdg/nvim/after/pack/*/start/*"
Searching for "/etc/xdg/xdg-ubuntu/nvim/after/pack/*/start/*"
Searching for "/home/lars/.config/nvim/after/pack/*/start/*"
not found in 'packpath': "pack/*/start/*"
Searching for "plugin/**/*.vim" in "/home/lars/.config/nvim,/home/lars/.local/share/nvim/plugged/fzf,/home/lars/.local/share/nvim/plugged/fzf.vim,/home/lars/.local/share/nvim/plugged/coc.nvim,/home/lars/.local/share/nvim/plugged/vim-javascript,/home/lars/.local/share/nvim/plugged/typescript-vim,/home/lars/.local/share/nvim/plugged/vim-jsx-typescript,/home/lars/.local/share/nvim/plugged/vim-vue,/home/lars/.local/share/nvim/plugged/vim-mustache-handlebars,/home/lars/.local/share/nvim/plugged/vim-blade,/home/lars/.local/share/nvim/plugged/vim-mdx-js,/home/lars/.local/share/nvim/plugged/vim-airline,/home/lars/.local/share/nvim/plugged/vim-airline-themes,/home/lars/.local/share/nvim/plugged/vim-bbye,/home/lars/.local/share/nvim/plugged/vifm.vim,/home/lars/.local/share/nvim/plugged/editorconfig-vim,/home/lars/.local/share/nvim/plugged/vim-gitgutter,/home/lars/.local/share/nvim/plugged/vim-commentary,/home/lars/.local/share/nvim/plugged/csv.vim,/home/lars/.local/share/nvim/plugged/vim-fugitive,/home/lars/.local/shar
Searching for "/var/lib/snapd/desktop/nvim/site/after/plugin/**/*.vim"
Searching for "/usr/share/nvim/site/after/plugin/**/*.vim"
Searching for "/usr/local/share/nvim/site/after/plugin/**/*.vim"
Searching for "/usr/share/ubuntu/nvim/site/after/plugin/**/*.vim"
Searching for "/home/lars/.local/share/nvim/site/after/plugin/**/*.vim"
Searching for "/etc/xdg/nvim/after/plugin/**/*.vim"
Searching for "/etc/xdg/xdg-ubuntu/nvim/after/plugin/**/*.vim"
Searching for "/home/lars/.config/nvim/after/plugin/**/*.vim"
not found in 'runtimepath': "plugin/**/*.vim"
Reading ShaDa file "/home/lars/.local/share/nvim/shada/main.shada" info marks oldfiles
Executing BufEnter Autocommands for "*"
autocommand sil call s:LocalBrowse(expand("<amatch>"))

Executing VimEnter Autocommands for "*"
autocommand sil call s:VimEnter(expand("<amatch>"))

Searching for "autoload/provider/clipboard.vim" in "/home/lars/.config/nvim,/home/lars/.local/share/nvim/plugged/fzf,/home/lars/.local/share/nvim/plugged/fzf.vim,/home/lars/.local/share/nvim/plugged/coc.nvim,/home/lars/.local/share/nvim/plugged/vim-javascript,/home/lars/.local/share/nvim/plugged/typescript-vim,/home/lars/.local/share/nvim/plugged/vim-jsx-typescript,/home/lars/.local/share/nvim/plugged/vim-vue,/home/lars/.local/share/nvim/plugged/vim-mustache-handlebars,/home/lars/.local/share/nvim/plugged/vim-blade,/home/lars/.local/share/nvim/plugged/vim-mdx-js,/home/lars/.local/share/nvim/plugged/vim-airline,/home/lars/.local/share/nvim/plugged/vim-airline-themes,/home/lars/.local/share/nvim/plugged/vim-bbye,/home/lars/.local/share/nvim/plugged/vifm.vim,/home/lars/.local/share/nvim/plugged/editorconfig-vim,/home/lars/.local/share/nvim/plugged/vim-gitgutter,/home/lars/.local/share/nvim/plugged/vim-commentary,/home/lars/.local/share/nvim/plugged/csv.vim,/home/lars/.local/share/nvim/plugged/vim-fugitive,/home/
Searching for "/home/lars/.config/nvim/autoload/provider/clipboard.vim"
Searching for "/home/lars/.local/share/nvim/plugged/fzf/autoload/provider/clipboard.vim"
Searching for "/home/lars/.local/share/nvim/plugged/fzf.vim/autoload/provider/clipboard.vim"
Searching for "/home/lars/.local/share/nvim/plugged/coc.nvim/autoload/provider/clipboard.vim"
Searching for "/home/lars/.local/share/nvim/plugged/vim-javascript/autoload/provider/clipboard.vim"
Searching for "/home/lars/.local/share/nvim/plugged/typescript-vim/autoload/provider/clipboard.vim"
Searching for "/home/lars/.local/share/nvim/plugged/vim-jsx-typescript/autoload/provider/clipboard.vim"
Searching for "/home/lars/.local/share/nvim/plugged/vim-vue/autoload/provider/clipboard.vim"
Searching for "/home/lars/.local/share/nvim/plugged/vim-mustache-handlebars/autoload/provider/clipboard.vim"
Searching for "/home/lars/.local/share/nvim/plugged/vim-blade/autoload/provider/clipboard.vim"
Searching for "/home/lars/.local/share/nvim/plugged/vim-mdx-js/autoload/provider/clipboard.vim"
Searching for "/home/lars/.local/share/nvim/plugged/vim-airline/autoload/provider/clipboard.vim"
Searching for "/home/lars/.local/share/nvim/plugged/vim-airline-themes/autoload/provider/clipboard.vim"
Searching for "/home/lars/.local/share/nvim/plugged/vim-bbye/autoload/provider/clipboard.vim"
Searching for "/home/lars/.local/share/nvim/plugged/vifm.vim/autoload/provider/clipboard.vim"
Searching for "/home/lars/.local/share/nvim/plugged/editorconfig-vim/autoload/provider/clipboard.vim"
Searching for "/home/lars/.local/share/nvim/plugged/vim-gitgutter/autoload/provider/clipboard.vim"
Searching for "/home/lars/.local/share/nvim/plugged/vim-commentary/autoload/provider/clipboard.vim"
Searching for "/home/lars/.local/share/nvim/plugged/csv.vim/autoload/provider/clipboard.vim"
Searching for "/home/lars/.local/share/nvim/plugged/vim-fugitive/autoload/provider/clipboard.vim"
Searching for "/home/lars/.local/share/nvim/plugged/vim-gruvbox8/autoload/provider/clipboard.vim"
Searching for "/etc/xdg/xdg-ubuntu/nvim/autoload/provider/clipboard.vim"
Searching for "/etc/xdg/nvim/autoload/provider/clipboard.vim"
Searching for "/home/lars/.local/share/nvim/site/autoload/provider/clipboard.vim"
Searching for "/usr/share/ubuntu/nvim/site/autoload/provider/clipboard.vim"
Searching for "/usr/local/share/nvim/site/autoload/provider/clipboard.vim"
Searching for "/usr/share/nvim/site/autoload/provider/clipboard.vim"
Searching for "/var/lib/snapd/desktop/nvim/site/autoload/provider/clipboard.vim"
Searching for "/usr/share/nvim/runtime/autoload/provider/clipboard.vim"
chdir(/home/lars/Code/dotfiles)
chdir(/usr/share/nvim/runtime/autoload/provider)
chdir(/home/lars/Code/dotfiles)
sourcing "/usr/share/nvim/runtime/autoload/provider/clipboard.vim"
finished sourcing /usr/share/nvim/runtime/autoload/provider/clipboard.vim
Executing CursorMoved Autocommands for "*"
autocommand call s:Highlight_Matching_Pair()


--- Terminal info --- {{{
&term: xterm-kitty
Description: KovIdTTY
Aliases: xterm-kitty
Boolean capabilities:
  auto_left_margin          bw         = false
  auto_right_margin         am         = true
  no_esc_ctlc               xsb        = false
  ceol_standout_glitch      xhp        = false
  eat_newline_glitch        xenl       = true
  erase_overstrike          eo         = false
  generic_type              gn         = false
  hard_copy                 hc         = false
  has_meta_key              km         = true
  has_status_line           hs         = true
  insert_null_glitch        in         = false
  memory_above              da         = false
  memory_below              db         = false
  move_insert_mode          mir        = true
  move_standout_mode        msgr       = true
  over_strike               os         = false
  status_line_esc_ok        eslok      = false
  dest_tabs_magic_smso      xt         = false
  tilde_glitch              hz         = false
  transparent_underline     ul         = false
  xon_xoff                  xon        = false
  needs_xon_xoff            nxon       = false
  prtr_silent               mc5i       = true
  hard_cursor               chts       = false
  non_rev_rmcup             nrrmc      = false
  no_pad_char               npc        = true
  non_dest_scroll_region    ndscr      = false
  can_change                ccc        = true
  back_color_erase          bce        = false
  hue_lightness_saturation  hls        = false
  col_addr_glitch           xhpa       = false
  cr_cancels_micro_mode     crxm       = false
  has_print_wheel           daisy      = false
  row_addr_glitch           xvpa       = false
  semi_auto_right_margin    sam        = false
  cpi_changes_res           cpix       = false
  lpi_changes_res           lpix       = false
  backspaces_with_bs        OTbs       = false
  crt_no_scrolling          OTns       = false
  no_correctly_working_cr   OTnc       = false
  gnu_has_meta_key          OTMT       = false
  linefeed_is_newline       OTNL       = false
  has_hardware_tabs         OTpt       = false
  return_does_clr_eol       OTxr       = false
Numeric capabilities:
  columns                   cols       = 80
  init_tabs                 it         = 8
  lines                     lines      = 24
  lines_of_memory           lm         = -1
  magic_cookie_glitch       xmc        = -1
  padding_baud_rate         pb         = -1
  virtual_terminal          vt         = -1
  width_status_line         wsl        = -1
  num_labels                nlab       = -1
  label_height              lh         = -1
  label_width               lw         = -1
  max_attributes            ma         = -1
  maximum_windows           wnum       = -1
  max_colors                colors     = 256
  max_pairs                 pairs      = 32767
  no_color_video            ncv        = -1
  buffer_capacity           bufsz      = -1
  dot_vert_spacing          spinv      = -1
  dot_horz_spacing          spinh      = -1
  max_micro_address         maddr      = -1
  max_micro_jump            mjump      = -1
  micro_col_size            mcs        = -1
  micro_line_size           mls        = -1
  number_of_pins            npins      = -1
  output_res_char           orc        = -1
  output_res_line           orl        = -1
  output_res_horz_inch      orhi       = -1
  output_res_vert_inch      orvi       = -1
  print_rate                cps        = -1
  wide_char_size            widcs      = -1
  buttons                   btns       = -1
  bit_image_entwining       bitwin     = -1
  bit_image_type            bitype     = -1
  magic_cookie_glitch_ul    OTug       = -1
  carriage_return_delay     OTdC       = -1
  new_line_delay            OTdN       = -1
  backspace_delay           OTdB       = -1
  horizontal_tab_delay      OTdT       = -1
  number_of_function_keys   OTkn       = -1
String capabilities:
  back_tab                  cbt        = <Esc>[Z
  bell                      bel        = <C-G>
  carriage_return           cr         = <CR>
  change_scroll_region      csr        = <Esc>[%i%p1%d;%p2%dr
  clear_all_tabs            tbc        = <Esc>[3g
  clear_screen              clear      = <Esc>[H<Esc>[2J
  clr_eol                   el         = <Esc>[K
  clr_eos                   ed         = <Esc>[J
  column_address            hpa        = <Esc>[%i%p1%dG
  cursor_address            cup        = <Esc>[%i%p1%d;%p2%dH
  cursor_down               cud1       = <NL>
  cursor_home               home       = <Esc>[H
  cursor_invisible          civis      = <Esc>[?25l
  cursor_left               cub1       = <C-H>
  cursor_normal             cnorm      = <Esc>[?25h
  cursor_right              cuf1       = <Esc>[C
  cursor_up                 cuu1       = <Esc>[A
  cursor_visible            cvvis      = <Esc>[?12;25h
  delete_character          dch1       = <Esc>[P
  delete_line               dl1        = <Esc>[M
  dis_status_line           dsl        = <Esc>]2;<C-G>
  enter_alt_charset_mode    smacs      = <Esc>(0
  enter_bold_mode           bold       = <Esc>[1m
  enter_ca_mode             smcup      = <Esc>[?1049h
  enter_dim_mode            dim        = <Esc>[2m
  enter_insert_mode         smir       = <Esc>[4h
  enter_reverse_mode        rev        = <Esc>[7m
  enter_standout_mode       smso       = <Esc>[7m
  enter_underline_mode      smul       = <Esc>[4m
  erase_chars               ech        = <Esc>[%p1%dX
  exit_alt_charset_mode     rmacs      = <Esc>(B
  exit_attribute_mode       sgr0       = <Esc>(B<Esc>[m
  exit_ca_mode              rmcup      = <Esc>[?1049l
  exit_insert_mode          rmir       = <Esc>[4l
  exit_standout_mode        rmso       = <Esc>[27m
  exit_underline_mode       rmul       = <Esc>[24m
  flash_screen              flash      = <Esc>[?5h$<100/><Esc>[?5l
  from_status_line          fsl        = <C-G>
  insert_line               il1        = <Esc>[L
  key_backspace             kbs        = <^?>
  key_dc                    kdch1      = <Esc>[3~
  key_down                  kcud1      = <Esc>OB
  key_f1                    kf1        = <Esc>OP
  key_f10                   kf10       = <Esc>[21~
  key_f2                    kf2        = <Esc>OQ
  key_f3                    kf3        = <Esc>OR
  key_f4                    kf4        = <Esc>OS
  key_f5                    kf5        = <Esc>[15~
  key_f6                    kf6        = <Esc>[17~
  key_f7                    kf7        = <Esc>[18~
  key_f8                    kf8        = <Esc>[19~
  key_f9                    kf9        = <Esc>[20~
  key_home                  khome      = <Esc>OH
  key_ic                    kich1      = <Esc>[2~
  key_left                  kcub1      = <Esc>OD
  key_npage                 knp        = <Esc>[6~
  key_ppage                 kpp        = <Esc>[5~
  key_right                 kcuf1      = <Esc>OC
  key_sf                    kind       = <Esc>[1;2B
  key_sr                    kri        = <Esc>[1;2A
  key_up                    kcuu1      = <Esc>OA
  keypad_local              rmkx       = <Esc>[?1l
  keypad_xmit               smkx       = <Esc>[?1h
  parm_dch                  dch        = <Esc>[%p1%dP
  parm_delete_line          dl         = <Esc>[%p1%dM
  parm_down_cursor          cud        = <Esc>[%p1%dB
  parm_ich                  ich        = <Esc>[%p1%d@
  parm_index                indn       = <Esc>[%p1%dS
  parm_insert_line          il         = <Esc>[%p1%dL
  parm_left_cursor          cub        = <Esc>[%p1%dD
  parm_right_cursor         cuf        = <Esc>[%p1%dC
  parm_rindex               rin        = <Esc>[%p1%dT
  parm_up_cursor            cuu        = <Esc>[%p1%dA
  reset_1string             rs1        = <Esc>]<Esc>\<Esc>c
  restore_cursor            rc         = <Esc>8
  row_address               vpa        = <Esc>[%i%p1%dd
  save_cursor               sc         = <Esc>7
  scroll_forward            ind        = <NL>
  scroll_reverse            ri         = <Esc>M
  set_attributes            sgr        = %?%p9%t<Esc>(0%e<Esc>(B%;<Esc>[0%?%p6%t;1%;%?%p2%t;4%;%?%p1%p3%|%t;7%;%?%p4%t;5%;%?%p7%t;8%;m
  set_tab                   hts        = <Esc>H
  tab                       ht         = <Tab>
  to_status_line            tsl        = <Esc>]2;
  key_a1                    ka1        = 
  key_a3                    ka3        = 
  key_c1                    kc1        = 
  key_c3                    kc3        = 
  acs_chars                 acsc       = ++,,--..00``aaffgghhiijjkkllmmnnooppqqrrssttuuvvwwxxyyzz{{||}}~~
  key_btab                  kcbt       = <Esc>[Z
  enter_am_mode             smam       = <Esc>[?7h
  exit_am_mode              rmam       = <Esc>[?7l
  key_end                   kend       = <Esc>OF
  key_help                  khlp       = 
  key_undo                  kund       = 
  key_sdc                   kDC        = <Esc>[3;2~
  key_send                  kEND       = <Esc>[1;2F
  key_shome                 kHOM       = <Esc>[1;2H
  key_sic                   kIC        = <Esc>[2;2~
  key_sleft                 kLFT       = <Esc>[1;2D
  key_snext                 kNXT       = <Esc>[6;2~
  key_sprevious             kPRV       = <Esc>[5;2~
  key_sright                kRIT       = <Esc>[1;2C
  key_f11                   kf11       = <Esc>[23~
  key_f12                   kf12       = <Esc>[24~
  key_f13                   kf13       = <Esc>[1;2P
  key_f14                   kf14       = <Esc>[1;2Q
  key_f15                   kf15       = <Esc>[1;2R
  key_f16                   kf16       = <Esc>[1;2S
  key_f17                   kf17       = <Esc>[15;2~
  key_f18                   kf18       = <Esc>[17;2~
  key_f19                   kf19       = <Esc>[18;2~
  key_f20                   kf20       = <Esc>[19;2~
  key_f21                   kf21       = <Esc>[20;2~
  key_f22                   kf22       = <Esc>[21;2~
  key_f23                   kf23       = <Esc>[23;2~
  key_f24                   kf24       = <Esc>[24;2~
  key_f25                   kf25       = <Esc>[1;5P
  key_f26                   kf26       = <Esc>[1;5Q
  key_f27                   kf27       = <Esc>[1;5R
  key_f28                   kf28       = <Esc>[1;5S
  key_f29                   kf29       = <Esc>[15;5~
  key_f30                   kf30       = <Esc>[17;5~
  key_f31                   kf31       = <Esc>[18;5~
  key_f32                   kf32       = <Esc>[19;5~
  key_f33                   kf33       = <Esc>[20;5~
  key_f34                   kf34       = <Esc>[21;5~
  key_f35                   kf35       = <Esc>[23;5~
  key_f36                   kf36       = <Esc>[24;5~
  key_f37                   kf37       = <Esc>[1;6P
  key_f38                   kf38       = <Esc>[1;6Q
  key_f39                   kf39       = <Esc>[1;6R
  key_f40                   kf40       = <Esc>[1;6S
  key_f41                   kf41       = <Esc>[15;6~
  key_f42                   kf42       = <Esc>[17;6~
  key_f43                   kf43       = <Esc>[18;6~
  key_f44                   kf44       = <Esc>[19;6~
  key_f45                   kf45       = <Esc>[20;6~
  key_f46                   kf46       = <Esc>[21;6~
  key_f47                   kf47       = <Esc>[23;6~
  key_f48                   kf48       = <Esc>[24;6~
  key_f49                   kf49       = <Esc>[1;3P
  key_f50                   kf50       = <Esc>[1;3Q
  key_f51                   kf51       = <Esc>[1;3R
  key_f52                   kf52       = <Esc>[1;3S
  key_f53                   kf53       = <Esc>[15;3~
  key_f54                   kf54       = <Esc>[17;3~
  key_f55                   kf55       = <Esc>[18;3~
  key_f56                   kf56       = <Esc>[19;3~
  key_f57                   kf57       = <Esc>[20;3~
  key_f58                   kf58       = <Esc>[21;3~
  key_f59                   kf59       = <Esc>[23;3~
  key_f60                   kf60       = <Esc>[24;3~
  key_f61                   kf61       = <Esc>[1;4P
  key_f62                   kf62       = <Esc>[1;4Q
  key_f63                   kf63       = <Esc>[1;4R
  clr_bol                   el1        = <Esc>[1K
  orig_pair                 op         = <Esc>[39;49m
  orig_colors               oc         = <Esc>]104<C-G>
  initialize_color          initc      = <Esc>]4;%p1%d;rgb:%p2%{255}%*%{1000}%/%2.2X/%p3%{255}%*%{1000}%/%2.2X/%p4%{255}%*%{1000}%/%2.2X<Esc>\
  enter_italics_mode        sitm       = <Esc>[3m
  exit_italics_mode         ritm       = <Esc>[23m
  key_mouse                 kmous      = <Esc>[M
  set_a_foreground          setaf      = <Esc>[%?%p1%{8}%<%t3%p1%d%e%p1%{16}%<%t9%p1%{8}%-%d%e38;5;%p1%d%;m
  set_a_background          setab      = <Esc>[%?%p1%{8}%<%t4%p1%d%e%p1%{16}%<%t10%p1%{8}%-%d%e48;5;%p1%d%;m
  set_tb_margin             smgtb      = <Esc>[%i%p1%d;%p2%dr
Extended boolean capabilities:
  Su                        = true
  Tc                        = true
  fullkbd                   = true
Extended string capabilities:
  kDC3                      = <Esc>[3;3~
  kDC4                      = <Esc>[3;4~
  kDC5                      = <Esc>[3;5~
  kDC6                      = <Esc>[3;6~
  kDC7                      = <Esc>[3;7~
  kDN                       = <Esc>[1;2B
  kDN3                      = <Esc>[1;3B
  kDN4                      = <Esc>[1;4B
  kDN5                      = <Esc>[1;5B
  kDN6                      = <Esc>[1;6B
  kDN7                      = <Esc>[1;7B
  kEND3                     = <Esc>[1;3F
  kEND4                     = <Esc>[1;4F
  kEND5                     = <Esc>[1;5F
  kEND6                     = <Esc>[1;6F
  kEND7                     = <Esc>[1;7F
  kHOM3                     = <Esc>[1;3H
  kHOM4                     = <Esc>[1;4H
  kHOM5                     = <Esc>[1;5H
  kHOM6                     = <Esc>[1;6H
  kHOM7                     = <Esc>[1;7H
  kIC3                      = <Esc>[2;3~
  kIC4                      = <Esc>[2;4~
  kIC5                      = <Esc>[2;5~
  kIC6                      = <Esc>[2;6~
  kIC7                      = <Esc>[2;7~
  kLFT3                     = <Esc>[1;3D
  kLFT4                     = <Esc>[1;4D
  kLFT5                     = <Esc>[1;5D
  kLFT6                     = <Esc>[1;6D
  kLFT7                     = <Esc>[1;7D
  kNXT3                     = <Esc>[6;3~
  kNXT4                     = <Esc>[6;4~
  kNXT5                     = <Esc>[6;5~
  kNXT6                     = <Esc>[6;6~
  kNXT7                     = <Esc>[6;7~
  kPRV3                     = <Esc>[5;3~
  kPRV4                     = <Esc>[5;4~
  kPRV5                     = <Esc>[5;5~
  kPRV6                     = <Esc>[5;6~
  kPRV7                     = <Esc>[5;7~
  kRIT3                     = <Esc>[1;3C
  kRIT4                     = <Esc>[1;4C
  kRIT5                     = <Esc>[1;5C
  kRIT6                     = <Esc>[1;6C
  kRIT7                     = <Esc>[1;7C
  kUP                       = <Esc>[1;2A
  kUP3                      = <Esc>[1;3A
  kUP4                      = <Esc>[1;4A
  kUP5                      = <Esc>[1;5A
  kUP6                      = <Esc>[1;6A
  kUP7                      = <Esc>[1;7A
  setrgbb                   = <Esc>[48:2:%p1%d:%p2%d:%p3%dm
  setrgbf                   = <Esc>[38:2:%p1%d:%p2%d:%p3%dm
  ext.get_bg                = <Esc>]11;?<C-G>
  Ss                        = <Esc>[%p1%d q
  Se                        = <Esc>[ q
  ext.resize_screen         = <Esc>[8;%p1%d;%p2%dt
  ext.reset_scroll_region   = <Esc>[r
  ext.set_cursor_color      = <Esc>]12;#%p1%06x<C-G>
  ext.reset_cursor_color    = <Esc>]112<C-G>
  ext.save_title            = <Esc>[22;0;0t
  ext.restore_title         = <Esc>[23;0;0t
  ext.enable_lr_margin      = <Esc>[?69h
  ext.disable_lr_margin     = <Esc>[?69l
  ext.enable_bpaste         = <Esc>[?2004h
  ext.disable_bpaste        = <Esc>[?2004l
  ext.enable_focus          = <Esc>[?1004h
  ext.disable_focus         = <Esc>[?1004l
  ext.enable_mouse          = <Esc>[?1002h<Esc>[?1006h
  ext.disable_mouse         = <Esc>[?1002l<Esc>[?1006l
  ext.set_underline_style   = <Esc>[4:%p1%dm
  ext.set_underline_color   = <Esc>[58:2::%p1%d:%p2%d:%p3%dm
}}}


Writing ShaDa file "/home/lars/.local/share/nvim/shada/main.shada"
chdir(/home/lars/Code/dotfiles)
chdir(/home/lars/Code/oaky/oaky-dashboard-v2/tests/unit/organisms/messaging)
chdir(/home/lars/Code/dotfiles)
chdir(/home/lars/Code/dotfiles)
chdir(/home/lars/Code/oaky/oaky-ui-kit/src/molecules/input-field)
chdir(/home/lars/Code/dotfiles)
chdir(/home/lars/Code/dotfiles)
chdir(/home/lars/Code/oaky/oaky-api/.git)
chdir(/home/lars/Code/dotfiles)
chdir(/home/lars/Code/dotfiles)
chdir(/home/lars/Code/oaky/oaky-api/app/Http/Requests)
chdir(/home/lars/Code/dotfiles)
chdir(/home/lars/Code/dotfiles)
chdir(/home/lars/Code/oaky/oaky-api/app/Http/Controllers/Dashboard)
chdir(/home/lars/Code/dotfiles)
chdir(/home/lars/Code/dotfiles)
chdir(/home/lars/Code/oaky/oaky-api/src/Employee/Exception)
chdir(/home/lars/Code/dotfiles)
chdir(/home/lars/Code/dotfiles)
chdir(/home/lars/Code/oaky/oaky-api/src/Employee/Exception)
chdir(/home/lars/Code/dotfiles)
chdir(/home/lars/Code/dotfiles)
chdir(/home/lars/Code/oaky/oaky-api/src/Employee/Exception)
chdir(/home/lars/Code/dotfiles)
chdir(/home/lars/Code/dotfiles)
chdir(/home/lars/Code/oaky/oaky-api/src/Employee/Exception)
chdir(/home/lars/Code/dotfiles)
chdir(/home/lars/Code/dotfiles)
chdir(/home/lars/Code/oaky/oaky-api/.git)
chdir(/home/lars/Code/dotfiles)
chdir(/home/lars/Code/dotfiles)
chdir(/home/lars/Code/dotfiles)
chdir(/home/lars/Code/dotfiles)
chdir(/home/lars/Code/dotfiles)
chdir(/home/lars/Code/oaky/oaky-dashboard-v2/src/organisms/messaging)
chdir(/home/lars/Code/dotfiles)
chdir(/home/lars/Code/dotfiles)
chdir(/home/lars/Code/dotfiles)
chdir(/home/lars/Code/dotfiles)